#
# There is insufficient memory for the Java Runtime Environment to continue.
# Native memory allocation (malloc) failed to allocate 914224 bytes for Chunk::new
# Possible reasons:
#   The system is out of physical RAM or swap space
#   In 32 bit mode, the process size limit was hit
# Possible solutions:
#   Reduce memory load on the system
#   Increase physical memory or swap space
#   Check if swap backing store is full
#   Use 64 bit Java on a 64 bit OS
#   Decrease Java heap size (-Xmx/-Xms)
#   Decrease number of Java threads
#   Decrease Java thread stack sizes (-Xss)
#   Set larger code cache with -XX:ReservedCodeCacheSize=
# This output file may be truncated or incomplete.
#
#  Out of Memory Error (allocation.cpp:390), pid=12644, tid=14912
#
# JRE version: Java(TM) SE Runtime Environment (8.0_45-b14) (build 1.8.0_45-b14)
# Java VM: Java HotSpot(TM) 64-Bit Server VM (25.45-b02 mixed mode windows-amd64 compressed oops)
# Failed to write core dump. Minidumps are not enabled by default on client versions of Windows
#

---------------  T H R E A D  ---------------

Current thread (0x000000001927d000):  JavaThread "C2 CompilerThread0" daemon [_thread_in_native, id=14912, stack(0x0000000019630000,0x0000000019730000)]

Stack: [0x0000000019630000,0x0000000019730000]
Native frames: (J=compiled Java code, j=interpreted, Vv=VM code, C=native code)
V  [jvm.dll+0x32b57a]
V  [jvm.dll+0x279873]
V  [jvm.dll+0x27a509]
V  [jvm.dll+0x271825]
V  [jvm.dll+0xcb9e2]
V  [jvm.dll+0xcbeac]
V  [jvm.dll+0x464342]
V  [jvm.dll+0x4d9490]
V  [jvm.dll+0x4dc0bb]
V  [jvm.dll+0x46a551]
V  [jvm.dll+0x46cd52]
V  [jvm.dll+0x4500f2]
V  [jvm.dll+0xa4352]
V  [jvm.dll+0xa4c8f]
V  [jvm.dll+0x241984]
V  [jvm.dll+0x29853a]
C  [msvcr100.dll+0x21d9f]
C  [msvcr100.dll+0x21e3b]
C  [KERNEL32.DLL+0x1259d]
C  [ntdll.dll+0x5af38]


Current CompileTask:
C2:  25588 6494       4       org.objectweb.asm.Frame::execute (2303 bytes)


---------------  P R O C E S S  ---------------

Java Threads: ( => current thread )
  0x0000000019428000 JavaThread "Cache worker for cache directory md-supplier (C:\Users\ANDRE MONIM\.gradle\caches\8.10.2\md-supplier)" [_thread_blocked, id=9664, stack(0x0000000021d30000,0x0000000021e30000)]
  0x000000001b86d800 JavaThread "Cache worker for cache directory md-rule (C:\Users\ANDRE MONIM\.gradle\caches\8.10.2\md-rule)" [_thread_blocked, id=4656, stack(0x0000000021c30000,0x0000000021d30000)]
  0x000000001b86c800 JavaThread "Cache worker for file content cache (C:\Users\ANDRE MONIM\.gradle\caches\8.10.2\fileContent)" [_thread_blocked, id=936, stack(0x0000000021930000,0x0000000021a30000)]
  0x000000001b873800 JavaThread "Cache worker for checksums cache (D:\android studio\belajar studio\.gradle\8.10.2\checksums)" [_thread_blocked, id=1812, stack(0x0000000021830000,0x0000000021930000)]
  0x000000001b873000 JavaThread "File watcher consumer" daemon [_thread_blocked, id=2400, stack(0x0000000021530000,0x0000000021630000)]
  0x000000001b870800 JavaThread "File watcher server" daemon [_thread_in_native, id=4460, stack(0x0000000021430000,0x0000000021530000)]
  0x000000001b871800 JavaThread "Cache worker for Build Output Cleanup Cache (D:\android studio\belajar studio\.gradle\buildOutputCleanup)" [_thread_blocked, id=5128, stack(0x0000000021130000,0x0000000021230000)]
  0x000000001b870000 JavaThread "Cache worker for file hash cache (D:\android studio\belajar studio\.gradle\8.10.2\fileHashes)" [_thread_blocked, id=14480, stack(0x0000000020000000,0x0000000020100000)]
  0x000000001b86f000 JavaThread "Cache worker for file hash cache (C:\Users\ANDRE MONIM\.gradle\caches\8.10.2\fileHashes)" [_thread_blocked, id=4176, stack(0x000000001fb00000,0x000000001fc00000)]
  0x000000001b872000 JavaThread "File lock request listener" [_thread_in_native, id=14188, stack(0x000000001ea30000,0x000000001eb30000)]
  0x000000001b86e800 JavaThread "Cache worker for journal cache (C:\Users\ANDRE MONIM\.gradle\caches\journal-1)" [_thread_blocked, id=3092, stack(0x000000001e930000,0x000000001ea30000)]
  0x000000001b7c8000 JavaThread "Daemon client event forwarder" [_thread_blocked, id=15120, stack(0x000000001d460000,0x000000001d560000)]
  0x000000001b7c7800 JavaThread "Stdin handler" [_thread_blocked, id=12272, stack(0x000000001d360000,0x000000001d460000)]
  0x000000001ba7a800 JavaThread "Asynchronous log dispatcher for DefaultDaemonConnection: socket connection from /127.0.0.1:53665 to /127.0.0.1:53666" [_thread_blocked, id=8584, stack(0x000000001d260000,0x000000001d360000)]
  0x000000001b7c6800 JavaThread "Daemon worker" [_thread_in_native, id=13936, stack(0x000000001d160000,0x000000001d260000)]
  0x000000001afb6000 JavaThread "Cancel handler" [_thread_blocked, id=2688, stack(0x000000001d060000,0x000000001d160000)]
  0x000000001b71c000 JavaThread "Daemon periodic checks" [_thread_blocked, id=2036, stack(0x000000001cf60000,0x000000001d060000)]
  0x000000001af54000 JavaThread "Handler for socket connection from /127.0.0.1:53665 to /127.0.0.1:53666" [_thread_in_native, id=14616, stack(0x000000001ce60000,0x000000001cf60000)]
  0x000000001af53000 JavaThread "Daemon" [_thread_blocked, id=8000, stack(0x000000001cd60000,0x000000001ce60000)]
  0x000000001a9a7000 JavaThread "Incoming local TCP Connector on port 53665" [_thread_in_native, id=7576, stack(0x000000001cb10000,0x000000001cc10000)]
  0x000000001ab05800 JavaThread "Daemon health stats" [_thread_blocked, id=4504, stack(0x000000001c4d0000,0x000000001c5d0000)]
  0x000000001930b000 JavaThread "Service Thread" daemon [_thread_blocked, id=7976, stack(0x0000000019930000,0x0000000019a30000)]
  0x0000000019282000 JavaThread "C1 CompilerThread2" daemon [_thread_blocked, id=5304, stack(0x0000000019830000,0x0000000019930000)]
  0x000000001927f000 JavaThread "C2 CompilerThread1" daemon [_thread_blocked, id=12792, stack(0x0000000019730000,0x0000000019830000)]
=>0x000000001927d000 JavaThread "C2 CompilerThread0" daemon [_thread_in_native, id=14912, stack(0x0000000019630000,0x0000000019730000)]
  0x0000000017cbc000 JavaThread "Attach Listener" daemon [_thread_blocked, id=10464, stack(0x0000000019130000,0x0000000019230000)]
  0x0000000017cbb000 JavaThread "Signal Dispatcher" daemon [_thread_blocked, id=11356, stack(0x0000000019030000,0x0000000019130000)]
  0x0000000003096800 JavaThread "Finalizer" daemon [_thread_blocked, id=15208, stack(0x0000000018f30000,0x0000000019030000)]
  0x000000000308e000 JavaThread "Reference Handler" daemon [_thread_blocked, id=4860, stack(0x0000000018e30000,0x0000000018f30000)]
  0x0000000002c5e000 JavaThread "main" [_thread_blocked, id=5124, stack(0x0000000002d50000,0x0000000002e50000)]

Other Threads:
  0x0000000017c87800 VMThread [stack: 0x0000000018d30000,0x0000000018e30000] [id=7732]
  0x0000000019316800 WatcherThread [stack: 0x0000000019a30000,0x0000000019b30000] [id=10668]

VM state:not at safepoint (normal execution)

VM Mutex/Monitor currently owned by a thread: None

Heap:
 PSYoungGen      total 463360K, used 8442K [0x00000000d5580000, 0x00000000f4480000, 0x0000000100000000)
  eden space 428032K, 1% used [0x00000000d5580000,0x00000000d5dbeae8,0x00000000ef780000)
  from space 35328K, 0% used [0x00000000f1900000,0x00000000f1900000,0x00000000f3b80000)
  to   space 34304K, 0% used [0x00000000ef780000,0x00000000ef780000,0x00000000f1900000)
 ParOldGen       total 129536K, used 50033K [0x0000000080000000, 0x0000000087e80000, 0x00000000d5580000)
  object space 129536K, 38% used [0x0000000080000000,0x00000000830dc7f8,0x0000000087e80000)
 Metaspace       used 95099K, capacity 98536K, committed 98752K, reserved 1134592K
  class space    used 12598K, capacity 13272K, committed 13312K, reserved 1048576K

Card table byte_map: [0x0000000012460000,0x0000000012870000] byte_map_base: 0x0000000012060000

Marking Bits: (ParMarkBitMap*) 0x0000000072c54040
 Begin Bits: [0x0000000012f20000, 0x0000000014f20000)
 End Bits:   [0x0000000014f20000, 0x0000000016f20000)

Polling page: 0x0000000002be0000

CodeCache: size=245760Kb used=20881Kb max_used=20887Kb free=224878Kb
 bounds [0x00000000030a0000, 0x0000000004520000, 0x00000000120a0000]
 total_blobs=6632 nmethods=5877 adapters=666
 compilation: enabled

Compilation events (10 events):
Event: 24.760 Thread 0x000000001927f000 6534       4       com.google.common.collect.AbstractIndexedListIterator::next (31 bytes)
Event: 24.760 Thread 0x0000000019282000 nmethod 6533 0x00000000044ff490 code [0x00000000044ff620, 0x00000000044ffa28]
Event: 24.762 Thread 0x000000001927f000 nmethod 6534 0x0000000004507810 code [0x0000000004507960, 0x0000000004507a78]
Event: 24.765 Thread 0x000000001927f000 6535       4       java.util.Arrays::hashCode (56 bytes)
Event: 24.767 Thread 0x000000001927f000 nmethod 6535 0x00000000044ff0d0 code [0x00000000044ff220, 0x00000000044ff378]
Event: 24.778 Thread 0x0000000019282000 6539       3       java.lang.invoke.SimpleMethodHandle::copyWithExtendL (7 bytes)
Event: 24.778 Thread 0x000000001927f000 6540       4       java.lang.invoke.MethodType::makeImpl (66 bytes)
Event: 24.778 Thread 0x0000000019282000 nmethod 6539 0x00000000044fea50 code [0x00000000044febe0, 0x00000000044fef08]
Event: 24.820 Thread 0x0000000019282000 6541   !   3       org.gradle.internal.event.AbstractBroadcastDispatch::dispatch (74 bytes)
Event: 24.822 Thread 0x0000000019282000 nmethod 6541 0x000000000450a690 code [0x000000000450a920, 0x000000000450b7e8]

GC Heap History (10 events):
Event: 12.730 GC heap before
{Heap before GC invocations=18 (full 3):
 PSYoungGen      total 322048K, used 4181K [0x00000000d5580000, 0x00000000efe80000, 0x0000000100000000)
  eden space 300032K, 0% used [0x00000000d5580000,0x00000000d5580000,0x00000000e7a80000)
  from space 22016K, 18% used [0x00000000e7a80000,0x00000000e7e95660,0x00000000e9000000)
  to   space 21504K, 0% used [0x00000000ee980000,0x00000000ee980000,0x00000000efe80000)
 ParOldGen       total 54784K, used 50629K [0x0000000080000000, 0x0000000083580000, 0x00000000d5580000)
  object space 54784K, 92% used [0x0000000080000000,0x0000000083171760,0x0000000083580000)
 Metaspace       used 56402K, capacity 58918K, committed 59096K, reserved 1099776K
  class space    used 8206K, capacity 8693K, committed 8704K, reserved 1048576K
Event: 12.975 GC heap after
Heap after GC invocations=18 (full 3):
 PSYoungGen      total 322048K, used 0K [0x00000000d5580000, 0x00000000efe80000, 0x0000000100000000)
  eden space 300032K, 0% used [0x00000000d5580000,0x00000000d5580000,0x00000000e7a80000)
  from space 22016K, 0% used [0x00000000e7a80000,0x00000000e7a80000,0x00000000e9000000)
  to   space 21504K, 0% used [0x00000000ee980000,0x00000000ee980000,0x00000000efe80000)
 ParOldGen       total 99328K, used 40457K [0x0000000080000000, 0x0000000086100000, 0x00000000d5580000)
  object space 99328K, 40% used [0x0000000080000000,0x0000000082782568,0x0000000086100000)
 Metaspace       used 56402K, capacity 58918K, committed 59096K, reserved 1099776K
  class space    used 8206K, capacity 8693K, committed 8704K, reserved 1048576K
}
Event: 16.253 GC heap before
{Heap before GC invocations=19 (full 3):
 PSYoungGen      total 322048K, used 300032K [0x00000000d5580000, 0x00000000efe80000, 0x0000000100000000)
  eden space 300032K, 100% used [0x00000000d5580000,0x00000000e7a80000,0x00000000e7a80000)
  from space 22016K, 0% used [0x00000000e7a80000,0x00000000e7a80000,0x00000000e9000000)
  to   space 21504K, 0% used [0x00000000ee980000,0x00000000ee980000,0x00000000efe80000)
 ParOldGen       total 99328K, used 40457K [0x0000000080000000, 0x0000000086100000, 0x00000000d5580000)
  object space 99328K, 40% used [0x0000000080000000,0x0000000082782568,0x0000000086100000)
 Metaspace       used 70673K, capacity 73488K, committed 73944K, reserved 1112064K
  class space    used 9801K, capacity 10372K, committed 10496K, reserved 1048576K
Event: 16.317 GC heap after
Heap after GC invocations=19 (full 3):
 PSYoungGen      total 394752K, used 21480K [0x00000000d5580000, 0x00000000efe80000, 0x0000000100000000)
  eden space 373248K, 0% used [0x00000000d5580000,0x00000000d5580000,0x00000000ec200000)
  from space 21504K, 99% used [0x00000000ee980000,0x00000000efe7a110,0x00000000efe80000)
  to   space 26112K, 0% used [0x00000000ecb80000,0x00000000ecb80000,0x00000000ee500000)
 ParOldGen       total 99328K, used 43814K [0x0000000080000000, 0x0000000086100000, 0x00000000d5580000)
  object space 99328K, 44% used [0x0000000080000000,0x0000000082ac9a10,0x0000000086100000)
 Metaspace       used 70673K, capacity 73488K, committed 73944K, reserved 1112064K
  class space    used 9801K, capacity 10372K, committed 10496K, reserved 1048576K
}
Event: 23.267 GC heap before
{Heap before GC invocations=20 (full 3):
 PSYoungGen      total 394752K, used 394728K [0x00000000d5580000, 0x00000000efe80000, 0x0000000100000000)
  eden space 373248K, 100% used [0x00000000d5580000,0x00000000ec200000,0x00000000ec200000)
  from space 21504K, 99% used [0x00000000ee980000,0x00000000efe7a110,0x00000000efe80000)
  to   space 26112K, 0% used [0x00000000ecb80000,0x00000000ecb80000,0x00000000ee500000)
 ParOldGen       total 99328K, used 43814K [0x0000000080000000, 0x0000000086100000, 0x00000000d5580000)
  object space 99328K, 44% used [0x0000000080000000,0x0000000082ac9a10,0x0000000086100000)
 Metaspace       used 90612K, capacity 93414K, committed 93912K, reserved 1130496K
  class space    used 11898K, capacity 12483K, committed 12544K, reserved 1048576K
Event: 23.317 GC heap after
Heap after GC invocations=20 (full 3):
 PSYoungGen      total 409088K, used 26105K [0x00000000d5580000, 0x00000000f3b80000, 0x0000000100000000)
  eden space 382976K, 0% used [0x00000000d5580000,0x00000000d5580000,0x00000000ecb80000)
  from space 26112K, 99% used [0x00000000ecb80000,0x00000000ee4fe760,0x00000000ee500000)
  to   space 35328K, 0% used [0x00000000f1900000,0x00000000f1900000,0x00000000f3b80000)
 ParOldGen       total 99328K, used 56391K [0x0000000080000000, 0x0000000086100000, 0x00000000d5580000)
  object space 99328K, 56% used [0x0000000080000000,0x0000000083711d90,0x0000000086100000)
 Metaspace       used 90612K, capacity 93414K, committed 93912K, reserved 1130496K
  class space    used 11898K, capacity 12483K, committed 12544K, reserved 1048576K
}
Event: 24.825 GC heap before
{Heap before GC invocations=21 (full 3):
 PSYoungGen      total 409088K, used 115469K [0x00000000d5580000, 0x00000000f3b80000, 0x0000000100000000)
  eden space 382976K, 23% used [0x00000000d5580000,0x00000000dacc4fb8,0x00000000ecb80000)
  from space 26112K, 99% used [0x00000000ecb80000,0x00000000ee4fe760,0x00000000ee500000)
  to   space 35328K, 0% used [0x00000000f1900000,0x00000000f1900000,0x00000000f3b80000)
 ParOldGen       total 99328K, used 56391K [0x0000000080000000, 0x0000000086100000, 0x00000000d5580000)
  object space 99328K, 56% used [0x0000000080000000,0x0000000083711d90,0x0000000086100000)
 Metaspace       used 94988K, capacity 98448K, committed 98496K, reserved 1134592K
  class space    used 12570K, capacity 13266K, committed 13312K, reserved 1048576K
Event: 24.857 GC heap after
Heap after GC invocations=21 (full 3):
 PSYoungGen      total 463360K, used 5286K [0x00000000d5580000, 0x00000000f4480000, 0x0000000100000000)
  eden space 428032K, 0% used [0x00000000d5580000,0x00000000d5580000,0x00000000ef780000)
  from space 35328K, 14% used [0x00000000f1900000,0x00000000f1e29ae8,0x00000000f3b80000)
  to   space 34304K, 0% used [0x00000000ef780000,0x00000000ef780000,0x00000000f1900000)
 ParOldGen       total 99328K, used 65260K [0x0000000080000000, 0x0000000086100000, 0x00000000d5580000)
  object space 99328K, 65% used [0x0000000080000000,0x0000000083fbb140,0x0000000086100000)
 Metaspace       used 94988K, capacity 98448K, committed 98496K, reserved 1134592K
  class space    used 12570K, capacity 13266K, committed 13312K, reserved 1048576K
}
Event: 24.857 GC heap before
{Heap before GC invocations=22 (full 4):
 PSYoungGen      total 463360K, used 5286K [0x00000000d5580000, 0x00000000f4480000, 0x0000000100000000)
  eden space 428032K, 0% used [0x00000000d5580000,0x00000000d5580000,0x00000000ef780000)
  from space 35328K, 14% used [0x00000000f1900000,0x00000000f1e29ae8,0x00000000f3b80000)
  to   space 34304K, 0% used [0x00000000ef780000,0x00000000ef780000,0x00000000f1900000)
 ParOldGen       total 99328K, used 65260K [0x0000000080000000, 0x0000000086100000, 0x00000000d5580000)
  object space 99328K, 65% used [0x0000000080000000,0x0000000083fbb140,0x0000000086100000)
 Metaspace       used 94988K, capacity 98448K, committed 98496K, reserved 1134592K
  class space    used 12570K, capacity 13266K, committed 13312K, reserved 1048576K
Event: 25.438 GC heap after
Heap after GC invocations=22 (full 4):
 PSYoungGen      total 463360K, used 0K [0x00000000d5580000, 0x00000000f4480000, 0x0000000100000000)
  eden space 428032K, 0% used [0x00000000d5580000,0x00000000d5580000,0x00000000ef780000)
  from space 35328K, 0% used [0x00000000f1900000,0x00000000f1900000,0x00000000f3b80000)
  to   space 34304K, 0% used [0x00000000ef780000,0x00000000ef780000,0x00000000f1900000)
 ParOldGen       total 129536K, used 50033K [0x0000000080000000, 0x0000000087e80000, 0x00000000d5580000)
  object space 129536K, 38% used [0x0000000080000000,0x00000000830dc7f8,0x0000000087e80000)
 Metaspace       used 94988K, capacity 98448K, committed 98496K, reserved 1134592K
  class space    used 12570K, capacity 13266K, committed 13312K, reserved 1048576K
}

Deoptimization events (10 events):
Event: 23.890 Thread 0x000000001b7c6800 Uncommon trap: reason=bimorphic action=maybe_recompile pc=0x000000000367680c method=java.lang.ClassLoader.loadClass(Ljava/lang/String;Z)Ljava/lang/Class; @ 38
Event: 23.890 Thread 0x000000001b7c6800 Uncommon trap: reason=bimorphic action=maybe_recompile pc=0x000000000367680c method=java.lang.ClassLoader.loadClass(Ljava/lang/String;Z)Ljava/lang/Class; @ 38
Event: 23.937 Thread 0x000000001b7c6800 Uncommon trap: reason=unstable_if action=reinterpret pc=0x0000000003a1a1d8 method=org.objectweb.asm.Frame.push(I)V @ 26
Event: 24.318 Thread 0x000000001b7c6800 Uncommon trap: reason=unstable_if action=reinterpret pc=0x000000000323c0c0 method=org.objectweb.asm.Frame.push(I)V @ 26
Event: 24.410 Thread 0x000000001b7c6800 Uncommon trap: reason=class_check action=maybe_recompile pc=0x0000000003bf9d08 method=sun.misc.URLClassPath.getLoader(I)Lsun/misc/URLClassPath$Loader; @ 193
Event: 24.410 Thread 0x000000001b7c6800 Uncommon trap: reason=unstable_if action=reinterpret pc=0x00000000037cc784 method=java.lang.String.regionMatches(ZILjava/lang/String;II)Z @ 41
Event: 24.411 Thread 0x000000001b7c6800 Uncommon trap: reason=unstable_if action=reinterpret pc=0x000000000431a724 method=java.lang.ClassLoader.checkCerts(Ljava/lang/String;Ljava/security/CodeSource;)V @ 9
Event: 24.422 Thread 0x000000001b7c6800 Uncommon trap: reason=class_check action=maybe_recompile pc=0x0000000003bf9d08 method=sun.misc.URLClassPath.getLoader(I)Lsun/misc/URLClassPath$Loader; @ 193
Event: 24.434 Thread 0x000000001b7c6800 Uncommon trap: reason=class_check action=maybe_recompile pc=0x0000000003bf9d08 method=sun.misc.URLClassPath.getLoader(I)Lsun/misc/URLClassPath$Loader; @ 193
Event: 24.446 Thread 0x000000001b7c6800 Uncommon trap: reason=class_check action=maybe_recompile pc=0x0000000003bf368c method=sun.misc.URLClassPath.getLoader(I)Lsun/misc/URLClassPath$Loader; @ 193

Internal exceptions (10 events):
Event: 23.702 Thread 0x000000001b7c6800 Exception <a 'sun/nio/fs/WindowsException'> (0x00000000d67f82f0) thrown at [C:\re\workspace\8-2-build-windows-amd64-cygwin\jdk8u45\3457\hotspot\src\share\vm\prims\jni.cpp, line 709]
Event: 23.706 Thread 0x000000001b7c6800 Exception <a 'sun/nio/fs/WindowsException'> (0x00000000d680d8d8) thrown at [C:\re\workspace\8-2-build-windows-amd64-cygwin\jdk8u45\3457\hotspot\src\share\vm\prims\jni.cpp, line 709]
Event: 23.710 Thread 0x000000001b7c6800 Exception <a 'sun/nio/fs/WindowsException'> (0x00000000d6829888) thrown at [C:\re\workspace\8-2-build-windows-amd64-cygwin\jdk8u45\3457\hotspot\src\share\vm\prims\jni.cpp, line 709]
Event: 23.795 Thread 0x000000001b7c6800 Exception <a 'java/lang/NoSuchMethodError': java.lang.Object.lambda$comparing$ea9a8b3a$1(Ljava/util/Comparator;Ljava/util/function/Function;Ljava/lang/Object;Ljava/lang/Object;)I> (0x00000000d6bc7eb8) thrown at [C:\re\workspace\8-2-build-windows-amd64-cygwT¿‚-ﬂ7@
Event: 23.872 Thread 0x000000001b7c6800 Exception <a 'java/lang/NoSuchMethodError': java.lang.Object.lambda$wrap$0(Lorg/gradle/internal/io/IoSupplier;)Ljava/lang/Object;> (0x00000000d6e6f490) thrown at [C:\re\workspace\8-2-build-windows-amd64-cygwin\jdk8u45\3457\hotspot\src\share\vm\interpreter\
Event: 23.989 Thread 0x000000001b7c6800 Exception <a 'java/lang/NoSuchMethodError': java.lang.Object.lambda$static$0(Lorg/gradle/api/services/internal/BuildServiceProvider;)V> (0x00000000d7545d60) thrown at [C:\re\workspace\8-2-build-windows-amd64-cygwin\jdk8u45\3457\hotspot\src\share\vm\interprß&’D
8@
Event: 24.040 Thread 0x000000001b7c6800 Exception <a 'java/lang/NoSuchMethodError': java.lang.Object.lambda$registerIfAbsent$0(Lorg/gradle/api/services/BuildServiceSpec;)V> (0x00000000d7756870) thrown at [C:\re\workspace\8-2-build-windows-amd64-cygwin\jdk8u45\3457\hotspot\src\share\vm\interprete–£ÜÄç8@
Event: 24.553 Thread 0x000000001b7c6800 Exception <a 'java/lang/IncompatibleClassChangeError': Found class java.lang.Object, but interface was expected> (0x00000000d976c5a0) thrown at [C:\re\workspace\8-2-build-windows-amd64-cygwin\jdk8u45\3457\hotspot\src\share\vm\interpreter\linkResolver.cpp, ù·ºÓcù8@
Event: 24.615 Thread 0x000000001b7c6800 Exception <a 'java/lang/NoSuchMethodError': java.lang.Object.lambda$static$0(Lorg/gradle/api/internal/artifacts/configurations/MutationValidator$MutationType;)V> (0x00000000d9cbcbd0) thrown at [C:\re\workspace\8-2-build-windows-amd64-cygwin\jdk8u45\3457\ho¸;dß8@
Event: 24.653 Thread 0x000000001b7c6800 Exception <a 'java/lang/NoSuchMethodError': java.lang.Object.lambda$static$0(Lorg/gradle/api/internal/tasks/TaskDependencyResolveContext;)V> (0x00000000da018960) thrown at [C:\re\workspace\8-2-build-windows-amd64-cygwin\jdk8u45\3457\hotspot\src\share\vm\in5›°§≥7@

Events (10 events):
Event: 25.537 Executing VM operation: RevokeBias
Event: 25.537 Executing VM operation: RevokeBias done
Event: 25.537 Executing VM operation: RevokeBias
Event: 25.537 Executing VM operation: RevokeBias done
Event: 25.537 Executing VM operation: BulkRevokeBias
Event: 25.538 Executing VM operation: BulkRevokeBias done
Event: 25.538 loading class org/gradle/api/internal/artifacts/configurations/ResolveConfigurationDependenciesBuildOperationType$Result
Event: 25.538 loading class org/gradle/api/internal/artifacts/configurations/ResolveConfigurationDependenciesBuildOperationType$Result done
Event: 25.539 loading class org/gradle/api/internal/artifacts/configurations/ResolveConfigurationResolutionBuildOperationResult$LazyDesugaringAttributeContainer
Event: 25.539 loading class org/gradle/api/internal/artifacts/configurations/ResolveConfigurationResolutionBuildOperationResult$LazyDesugaringAttributeContainer done


Dynamic libraries:
0x00007ff76bff0000 - 0x00007ff76c027000 	C:\Program Files\Java\jdk1.8.0_45\bin\java.exe
0x00007ff8f7810000 - 0x00007ff8f7a27000 	C:\WINDOWS\SYSTEM32\ntdll.dll
0x00007ff8f67e0000 - 0x00007ff8f68a4000 	C:\WINDOWS\System32\KERNEL32.DLL
0x00007ff8f5100000 - 0x00007ff8f54d1000 	C:\WINDOWS\System32\KERNELBASE.dll
0x00007ff8ef810000 - 0x00007ff8ef8a7000 	C:\WINDOWS\SYSTEM32\apphelp.dll
0x00007ff8f57e0000 - 0x00007ff8f5891000 	C:\WINDOWS\System32\ADVAPI32.dll
0x00007ff8f5570000 - 0x00007ff8f5617000 	C:\WINDOWS\System32\msvcrt.dll
0x00007ff8f69c0000 - 0x00007ff8f6a67000 	C:\WINDOWS\System32\sechost.dll
0x00007ff8f4fb0000 - 0x00007ff8f4fd8000 	C:\WINDOWS\System32\bcrypt.dll
0x00007ff8f5690000 - 0x00007ff8f57a4000 	C:\WINDOWS\System32\RPCRT4.dll
0x00007ff8f6ab0000 - 0x00007ff8f6c61000 	C:\WINDOWS\System32\USER32.dll
0x00007ff8f4e40000 - 0x00007ff8f4e66000 	C:\WINDOWS\System32\win32u.dll
0x00007ff8f6630000 - 0x00007ff8f6659000 	C:\WINDOWS\System32\GDI32.dll
0x00007ff8f4fe0000 - 0x00007ff8f50fb000 	C:\WINDOWS\System32\gdi32full.dll
0x00007ff8f4950000 - 0x00007ff8f49ea000 	C:\WINDOWS\System32\msvcp_win.dll
0x00007ff8f4be0000 - 0x00007ff8f4cf1000 	C:\WINDOWS\System32\ucrtbase.dll
0x00007ff8e5950000 - 0x00007ff8e5be2000 	C:\WINDOWS\WinSxS\amd64_microsoft.windows.common-controls_6595b64144ccf1df_6.0.22621.4830_none_270fe7d773858e80\COMCTL32.dll
0x00007ff8f6a70000 - 0x00007ff8f6aa1000 	C:\WINDOWS\System32\IMM32.DLL
0x0000000072ce0000 - 0x0000000072db2000 	C:\Program Files\Java\jdk1.8.0_45\jre\bin\msvcr100.dll
0x0000000072450000 - 0x0000000072cd3000 	C:\Program Files\Java\jdk1.8.0_45\jre\bin\server\jvm.dll
0x00007ff8f72a0000 - 0x00007ff8f72a8000 	C:\WINDOWS\System32\PSAPI.DLL
0x00007ff8f0840000 - 0x00007ff8f084a000 	C:\WINDOWS\SYSTEM32\VERSION.dll
0x00007ff8f0dc0000 - 0x00007ff8f0df4000 	C:\WINDOWS\SYSTEM32\WINMM.dll
0x00007ff8df980000 - 0x00007ff8df989000 	C:\WINDOWS\SYSTEM32\WSOCK32.dll
0x00007ff8f5d20000 - 0x00007ff8f5d91000 	C:\WINDOWS\System32\WS2_32.dll
0x0000000072440000 - 0x000000007244f000 	C:\Program Files\Java\jdk1.8.0_45\jre\bin\verify.dll
0x0000000072410000 - 0x0000000072439000 	C:\Program Files\Java\jdk1.8.0_45\jre\bin\java.dll
0x00000000723e0000 - 0x0000000072403000 	C:\Program Files\Java\jdk1.8.0_45\jre\bin\instrument.dll
0x00000000723c0000 - 0x00000000723d6000 	C:\Program Files\Java\jdk1.8.0_45\jre\bin\zip.dll
0x00007ff8f5da0000 - 0x00007ff8f6628000 	C:\WINDOWS\System32\SHELL32.dll
0x00007ff8f4e70000 - 0x00007ff8f4faf000 	C:\WINDOWS\System32\wintypes.dll
0x00007ff8f6f10000 - 0x00007ff8f72a0000 	C:\WINDOWS\System32\combase.dll
0x00007ff8f2860000 - 0x00007ff8f316d000 	C:\WINDOWS\SYSTEM32\windows.storage.dll
0x00007ff8f66c0000 - 0x00007ff8f67ca000 	C:\WINDOWS\System32\SHCORE.dll
0x00007ff8f6660000 - 0x00007ff8f66be000 	C:\WINDOWS\System32\shlwapi.dll
0x00007ff8f4880000 - 0x00007ff8f48ab000 	C:\WINDOWS\SYSTEM32\profapi.dll
0x00000000723a0000 - 0x00000000723ba000 	C:\Program Files\Java\jdk1.8.0_45\jre\bin\net.dll
0x00007ff8f3e10000 - 0x00007ff8f3e7a000 	C:\WINDOWS\system32\mswsock.dll
0x0000000072380000 - 0x0000000072391000 	C:\Program Files\Java\jdk1.8.0_45\jre\bin\nio.dll
0x00007ff8ddfa0000 - 0x00007ff8ddfc7000 	C:\Users\ANDRE MONIM\.gradle\native\c067742578af261105cb4f569cf0c3c89f3d7b1fecec35dd04571415982c5e48\windows-amd64\native-platform.dll
0x00007ff8b7f90000 - 0x00007ff8b80d4000 	C:\Users\ANDRE MONIM\.gradle\native\100fb08df4bc3b14c8652ba06237920a3bd2aa13389f12d3474272988ae205f9\windows-amd64\native-platform-file-events.dll
0x0000000072370000 - 0x000000007237d000 	C:\Program Files\Java\jdk1.8.0_45\jre\bin\management.dll
0x00007ff8f4070000 - 0x00007ff8f408b000 	C:\WINDOWS\SYSTEM32\CRYPTSP.dll
0x00007ff8f38d0000 - 0x00007ff8f3907000 	C:\WINDOWS\system32\rsaenh.dll
0x00007ff8f3f00000 - 0x00007ff8f3f28000 	C:\WINDOWS\SYSTEM32\USERENV.dll
0x00007ff8f4dc0000 - 0x00007ff8f4e3b000 	C:\WINDOWS\System32\bcryptprimitives.dll
0x00007ff8f4060000 - 0x00007ff8f406c000 	C:\WINDOWS\SYSTEM32\CRYPTBASE.dll
0x00007ff8f3410000 - 0x00007ff8f343d000 	C:\WINDOWS\SYSTEM32\IPHLPAPI.DLL
0x00007ff8f57b0000 - 0x00007ff8f57b9000 	C:\WINDOWS\System32\NSI.dll
0x00007ff8efc60000 - 0x00007ff8efc79000 	C:\WINDOWS\SYSTEM32\dhcpcsvc6.DLL
0x00007ff8efb30000 - 0x00007ff8efb4f000 	C:\WINDOWS\SYSTEM32\dhcpcsvc.DLL
0x00007ff8f3490000 - 0x00007ff8f3592000 	C:\WINDOWS\SYSTEM32\DNSAPI.dll
0x00007ff8ef8b0000 - 0x00007ff8efae2000 	C:\WINDOWS\SYSTEM32\dbghelp.dll
0x00007ff8f7440000 - 0x00007ff8f7517000 	C:\WINDOWS\System32\OLEAUT32.dll

VM Arguments:
jvm_args: -Xmx2048m -Dfile.encoding=UTF-8 -Duser.country=ID -Duser.language=en -Duser.variant -javaagent:C:\Users\ANDRE MONIM\.gradle\wrapper\dists\gradle-8.10.2-bin\a04bxjujx95o3nb99gddekhwo\gradle-8.10.2\lib\agents\gradle-instrumentation-agent-8.10.2.jar 
java_command: org.gradle.launcher.daemon.bootstrap.GradleDaemon 8.10.2
java_class_path (initial): C:\Users\ANDRE MONIM\.gradle\wrapper\dists\gradle-8.10.2-bin\a04bxjujx95o3nb99gddekhwo\gradle-8.10.2\lib\gradle-daemon-main-8.10.2.jar;C:\Users\ANDRE MONIM\.gradle\wrapper\dists\gradle-8.10.2-bin\a04bxjujx95o3nb99gddekhwo\gradle-8.10.2\lib\agents\gradle-instrumentation-agent-8.10.2.jar
Launcher Type: SUN_STANDARD

Environment Variables:
CLASSPATH=D:\android studio\belajar studio\\gradle\wrapper\gradle-wrapper.jar
PATH=C:\Program Files (x86)\Common Files\Intel\Shared Files\cpp\bin\Intel64;C:\ProgramData\Oracle\Java\javapath;C:\WINDOWS\system32;C:\WINDOWS;C:\WINDOWS\System32\Wbem;C:\WINDOWS\System32\WindowsPowerShell\v1.0\;C:\WINDOWS\System32\OpenSSH\;C:\FPC\3.2.2\bin\i386-Win32;C:\Program Files\Git\cmd;C:\Users\ANDRE MONIM\AppData\Local\Microsoft\WindowsApps;D:\backup data C\download\New folder\Microsoft VS Code\bin
USERNAME=ANDRE MONIM
OS=Windows_NT
PROCESSOR_IDENTIFIER=AMD64 Family 23 Model 24 Stepping 1, AuthenticAMD



---------------  S Y S T E M  ---------------

OS: Windows 10.0 , 64 bit Build 22621 (10.0.22621.4974)

CPU:total 4 (4 cores per cpu, 1 threads per core) family 23 model 24 stepping 1, cmov, cx8, fxsr, mmx, sse, sse2, sse3, ssse3, sse4.1, sse4.2, popcnt, avx, avx2, aes, clmul, mmxext, 3dnowpref, lzcnt, sse4a, tsc, tscinvbit, tscinv, bmi1

Memory: 4k page, physical 3605516k(325976k free), swap 14615564k(2092k free)

vm_info: Java HotSpot(TM) 64-Bit Server VM (25.45-b02) for windows-amd64 JRE (1.8.0_45-b14), built on Apr 10 2015 10:34:15 by "java_re" with MS VC++ 10.0 (VS2010)

time: Fri Mar 28 21:24:42 2025
elapsed time: 25 seconds (0d 0h 0m 25s)

