#
# There is insufficient memory for the Java Runtime Environment to continue.
# Native memory allocation (malloc) failed to allocate 1102736 bytes. Error detail: Chunk::new
# Possible reasons:
#   The system is out of physical RAM or swap space
#   This process is running with CompressedOops enabled, and the Java Heap may be blocking the growth of the native heap
# Possible solutions:
#   Reduce memory load on the system
#   Increase physical memory or swap space
#   Check if swap backing store is full
#   Decrease Java heap size (-Xmx/-Xms)
#   Decrease number of Java threads
#   Decrease Java thread stack sizes (-Xss)
#   Set larger code cache with -XX:ReservedCodeCacheSize=
#   JVM is running with Unscaled Compressed Oops mode in which the Java heap is
#     placed in the first 4GB address space. The Java Heap base address is the
#     maximum limit for the native heap growth. Please use -XX:HeapBaseMinAddress
#     to set the Java Heap base and to place the Java Heap above 4GB virtual address.
# This output file may be truncated or incomplete.
#
#  Out of Memory Error (arena.cpp:168), pid=8404, tid=11572
#
# JRE version: OpenJDK Runtime Environment (21.0.4) (build 21.0.4+-12508038-b607.1)
# Java VM: OpenJDK 64-Bit Server VM (21.0.4+-12508038-b607.1, mixed mode, tiered, compressed oops, compressed class ptrs, g1 gc, windows-amd64)
# No core dump will be written. Minidumps are not enabled by default on client versions of Windows
#

---------------  S U M M A R Y ------------

Command Line: org.jetbrains.kotlin.cli.jvm.K2JVMCompiler @D:\android studio\belajar studio\app\build\20250413_14053518109157580262.compiler.options

Host: AMD Ryzen 3 3250U with Radeon Graphics         , 4 cores, 3G,  Windows 11 , 64 bit Build 22621 (10.0.22621.4974)
Time: Sun Apr 13 17:38:15 2025 Tokyo Standard Time elapsed time: 16.142875 seconds (0d 0h 0m 16s)

---------------  T H R E A D  ---------------

Current thread (0x0000029b650adf50):  JavaThread "C2 CompilerThread0" daemon [_thread_in_native, id=11572, stack(0x000000aa6ed00000,0x000000aa6ee00000) (1024K)]


Current CompileTask:
C2:  16142 5877       4       jdk.internal.loader.ClassLoaders$AppClassLoader::loadClass (40 bytes)

Stack: [0x000000aa6ed00000,0x000000aa6ee00000]
Native frames: (J=compiled Java code, j=interpreted, Vv=VM code, C=native code)
V  [jvm.dll+0x6ce539]
V  [jvm.dll+0x85bf03]
V  [jvm.dll+0x85e45e]
V  [jvm.dll+0x85eb43]
V  [jvm.dll+0x27dd06]
V  [jvm.dll+0xbf9cd]
V  [jvm.dll+0xbff03]
V  [jvm.dll+0x3b4db1]
V  [jvm.dll+0x1de1f2]
V  [jvm.dll+0x247544]
V  [jvm.dll+0x2469c1]
V  [jvm.dll+0x1c58a4]
V  [jvm.dll+0x255fec]
V  [jvm.dll+0x254536]
V  [jvm.dll+0x3efab6]
V  [jvm.dll+0x804418]
V  [jvm.dll+0x6cce0d]
C  [ucrtbase.dll+0x29333]
C  [KERNEL32.DLL+0x1259d]
C  [ntdll.dll+0x5af38]


---------------  P R O C E S S  ---------------

Threads class SMR info:
_java_thread_list=0x0000029b65463c60, length=11, elements={
0x0000029b4f8f96b0, 0x0000029b652f05a0, 0x0000029b6509d4a0, 0x0000029b650a0780,
0x0000029b650ad1c0, 0x0000029b650ac9e0, 0x0000029b650abc80, 0x0000029b650adf50,
0x0000029b650ae9f0, 0x0000029b654881d0, 0x0000029b6548ac40
}

Java Threads: ( => current thread )
  0x0000029b4f8f96b0 JavaThread "main"                              [_thread_in_native, id=9152, stack(0x000000aa6df00000,0x000000aa6e000000) (1024K)]
  0x0000029b652f05a0 JavaThread "Reference Handler"          daemon [_thread_blocked, id=9096, stack(0x000000aa6e700000,0x000000aa6e800000) (1024K)]
  0x0000029b6509d4a0 JavaThread "Finalizer"                  daemon [_thread_blocked, id=1020, stack(0x000000aa6e800000,0x000000aa6e900000) (1024K)]
  0x0000029b650a0780 JavaThread "Signal Dispatcher"          daemon [_thread_blocked, id=836, stack(0x000000aa6e900000,0x000000aa6ea00000) (1024K)]
  0x0000029b650ad1c0 JavaThread "Attach Listener"            daemon [_thread_blocked, id=10632, stack(0x000000aa6ea00000,0x000000aa6eb00000) (1024K)]
  0x0000029b650ac9e0 JavaThread "Service Thread"             daemon [_thread_blocked, id=9732, stack(0x000000aa6eb00000,0x000000aa6ec00000) (1024K)]
  0x0000029b650abc80 JavaThread "Monitor Deflation Thread"   daemon [_thread_blocked, id=4216, stack(0x000000aa6ec00000,0x000000aa6ed00000) (1024K)]
=>0x0000029b650adf50 JavaThread "C2 CompilerThread0"         daemon [_thread_in_native, id=11572, stack(0x000000aa6ed00000,0x000000aa6ee00000) (1024K)]
  0x0000029b650ae9f0 JavaThread "C1 CompilerThread0"         daemon [_thread_blocked, id=10816, stack(0x000000aa6ee00000,0x000000aa6ef00000) (1024K)]
  0x0000029b654881d0 JavaThread "Notification Thread"        daemon [_thread_blocked, id=3172, stack(0x000000aa6ef00000,0x000000aa6f000000) (1024K)]
  0x0000029b6548ac40 JavaThread "Common-Cleaner"             daemon [_thread_blocked, id=11948, stack(0x000000aa6f000000,0x000000aa6f100000) (1024K)]
Total: 11

Other Threads:
  0x0000029b650576c0 VMThread "VM Thread"                           [id=6988, stack(0x000000aa6e600000,0x000000aa6e700000) (1024K)]
  0x0000029b64fdce00 WatcherThread "VM Periodic Task Thread"        [id=10580, stack(0x000000aa6e500000,0x000000aa6e600000) (1024K)]
  0x0000029b4f92b180 WorkerThread "GC Thread#0"                     [id=7164, stack(0x000000aa6e000000,0x000000aa6e100000) (1024K)]
  0x0000029b65a0b940 WorkerThread "GC Thread#1"                     [id=7876, stack(0x000000aa6f100000,0x000000aa6f200000) (1024K)]
  0x0000029b65a08f70 WorkerThread "GC Thread#2"                     [id=7600, stack(0x000000aa6f200000,0x000000aa6f300000) (1024K)]
  0x0000029b65a11db0 WorkerThread "GC Thread#3"                     [id=8120, stack(0x000000aa6f300000,0x000000aa6f400000) (1024K)]
  0x0000029b4f932fa0 ConcurrentGCThread "G1 Main Marker"            [id=3000, stack(0x000000aa6e100000,0x000000aa6e200000) (1024K)]
  0x0000029b4f935430 WorkerThread "G1 Conc#0"                       [id=1604, stack(0x000000aa6e200000,0x000000aa6e300000) (1024K)]
  0x0000029b4f993490 ConcurrentGCThread "G1 Refine#0"               [id=4248, stack(0x000000aa6e300000,0x000000aa6e400000) (1024K)]
  0x0000029b4f994000 ConcurrentGCThread "G1 Service"                [id=2644, stack(0x000000aa6e400000,0x000000aa6e500000) (1024K)]
Total: 10

Threads with active compile tasks:
C2 CompilerThread0    16173 5877       4       jdk.internal.loader.ClassLoaders$AppClassLoader::loadClass (40 bytes)
C1 CompilerThread0    16173 6300       2       org.jetbrains.kotlin.types.DelegatingSimpleType::getConstructor (8 bytes)
Total: 2

VM state: not at safepoint (normal execution)

VM Mutex/Monitor currently owned by a thread:  ([mutex/lock_event])
[0x00007ffea52e5df8] CompileStatistics_lock - owner thread: 0x0000000000000000

Heap address: 0x00000000c8e00000, size: 882 MB, Compressed Oops mode: 32-bit

CDS archive(s) not mapped
Compressed class space mapped at: 0x0000000100000000-0x0000000140000000, reserved size: 1073741824
Narrow klass base: 0x0000000000000000, Narrow klass shift: 3, Narrow klass range: 0x140000000

GC Precious Log:
 CardTable entry size: 512
 Card Set container configuration: InlinePtr #cards 5 size 8 Array Of Cards #cards 12 size 40 Howl #buckets 4 coarsen threshold 1843 Howl Bitmap #cards 512 size 80 coarsen threshold 460 Card regions per heap region 1 cards per card region 2048
 CPUs: 4 total, 4 available
 Memory: 3521M
 Large Page Support: Disabled
 NUMA Support: Disabled
 Compressed Oops: Enabled (32-bit)
 Heap Region Size: 1M
 Heap Min Capacity: 8M
 Heap Initial Capacity: 56M
 Heap Max Capacity: 882M
 Pre-touch: Disabled
 Parallel Workers: 4
 Concurrent Workers: 1
 Concurrent Refinement Workers: 4
 Periodic GC: Disabled

Heap:
 garbage-first heap   total 73728K, used 55027K [0x00000000c8e00000, 0x0000000100000000)
  region size 1024K, 13 young (13312K), 1 survivors (1024K)
 Metaspace       used 57729K, committed 58496K, reserved 1114112K
  class space    used 6826K, committed 7232K, reserved 1048576K

Heap Regions: E=young(eden), S=young(survivor), O=old, HS=humongous(starts), HC=humongous(continues), CS=collection set, F=free, TAMS=top-at-mark-start, PB=parsable bottom
|   0|0x00000000c8e00000, 0x00000000c8f00000, 0x00000000c8f00000|100%|HS|  |TAMS 0x00000000c8e00000| PB 0x00000000c8e00000| Complete 
|   1|0x00000000c8f00000, 0x00000000c9000000, 0x00000000c9000000|100%|HC|  |TAMS 0x00000000c8f00000| PB 0x00000000c8f00000| Complete 
|   2|0x00000000c9000000, 0x00000000c9100000, 0x00000000c9100000|100%|HC|  |TAMS 0x00000000c9000000| PB 0x00000000c9000000| Complete 
|   3|0x00000000c9100000, 0x00000000c9200000, 0x00000000c9200000|100%|HC|  |TAMS 0x00000000c9100000| PB 0x00000000c9100000| Complete 
|   4|0x00000000c9200000, 0x00000000c9300000, 0x00000000c9300000|100%| O|  |TAMS 0x00000000c9200000| PB 0x00000000c9200000| Untracked 
|   5|0x00000000c9300000, 0x00000000c9400000, 0x00000000c9400000|100%| O|  |TAMS 0x00000000c9300000| PB 0x00000000c9300000| Untracked 
|   6|0x00000000c9400000, 0x00000000c9500000, 0x00000000c9500000|100%| O|  |TAMS 0x00000000c9400000| PB 0x00000000c9400000| Untracked 
|   7|0x00000000c9500000, 0x00000000c9600000, 0x00000000c9600000|100%| O|  |TAMS 0x00000000c9500000| PB 0x00000000c9500000| Untracked 
|   8|0x00000000c9600000, 0x00000000c9700000, 0x00000000c9700000|100%| O|  |TAMS 0x00000000c9600000| PB 0x00000000c9600000| Untracked 
|   9|0x00000000c9700000, 0x00000000c9800000, 0x00000000c9800000|100%| O|  |TAMS 0x00000000c9700000| PB 0x00000000c9700000| Untracked 
|  10|0x00000000c9800000, 0x00000000c9900000, 0x00000000c9900000|100%| O|  |TAMS 0x00000000c9800000| PB 0x00000000c9800000| Untracked 
|  11|0x00000000c9900000, 0x00000000c9a00000, 0x00000000c9a00000|100%| O|  |TAMS 0x00000000c9900000| PB 0x00000000c9900000| Untracked 
|  12|0x00000000c9a00000, 0x00000000c9b00000, 0x00000000c9b00000|100%| O|  |TAMS 0x00000000c9a00000| PB 0x00000000c9a00000| Untracked 
|  13|0x00000000c9b00000, 0x00000000c9c00000, 0x00000000c9c00000|100%| O|  |TAMS 0x00000000c9b00000| PB 0x00000000c9b00000| Untracked 
|  14|0x00000000c9c00000, 0x00000000c9d00000, 0x00000000c9d00000|100%| O|  |TAMS 0x00000000c9c00000| PB 0x00000000c9c00000| Untracked 
|  15|0x00000000c9d00000, 0x00000000c9e00000, 0x00000000c9e00000|100%| O|  |TAMS 0x00000000c9d00000| PB 0x00000000c9d00000| Untracked 
|  16|0x00000000c9e00000, 0x00000000c9f00000, 0x00000000c9f00000|100%| O|  |TAMS 0x00000000c9e00000| PB 0x00000000c9e00000| Untracked 
|  17|0x00000000c9f00000, 0x00000000ca000000, 0x00000000ca000000|100%| O|  |TAMS 0x00000000c9f00000| PB 0x00000000c9f00000| Untracked 
|  18|0x00000000ca000000, 0x00000000ca100000, 0x00000000ca100000|100%|HS|  |TAMS 0x00000000ca000000| PB 0x00000000ca000000| Complete 
|  19|0x00000000ca100000, 0x00000000ca200000, 0x00000000ca200000|100%|HC|  |TAMS 0x00000000ca100000| PB 0x00000000ca100000| Complete 
|  20|0x00000000ca200000, 0x00000000ca300000, 0x00000000ca300000|100%| O|  |TAMS 0x00000000ca200000| PB 0x00000000ca200000| Untracked 
|  21|0x00000000ca300000, 0x00000000ca400000, 0x00000000ca400000|100%| O|Cm|TAMS 0x00000000ca300000| PB 0x00000000ca300000| Complete 
|  22|0x00000000ca400000, 0x00000000ca500000, 0x00000000ca500000|100%| O|  |TAMS 0x00000000ca400000| PB 0x00000000ca400000| Untracked 
|  23|0x00000000ca500000, 0x00000000ca600000, 0x00000000ca600000|100%| O|  |TAMS 0x00000000ca500000| PB 0x00000000ca500000| Untracked 
|  24|0x00000000ca600000, 0x00000000ca700000, 0x00000000ca700000|100%| O|Cm|TAMS 0x00000000ca600000| PB 0x00000000ca600000| Complete 
|  25|0x00000000ca700000, 0x00000000ca800000, 0x00000000ca800000|100%| O|  |TAMS 0x00000000ca700000| PB 0x00000000ca700000| Untracked 
|  26|0x00000000ca800000, 0x00000000ca900000, 0x00000000ca900000|100%| O|  |TAMS 0x00000000ca800000| PB 0x00000000ca800000| Untracked 
|  27|0x00000000ca900000, 0x00000000caa00000, 0x00000000caa00000|100%| O|  |TAMS 0x00000000ca900000| PB 0x00000000ca900000| Untracked 
|  28|0x00000000caa00000, 0x00000000cab00000, 0x00000000cab00000|100%| O|  |TAMS 0x00000000caa00000| PB 0x00000000caa00000| Untracked 
|  29|0x00000000cab00000, 0x00000000cac00000, 0x00000000cac00000|100%| O|  |TAMS 0x00000000cab00000| PB 0x00000000cab00000| Untracked 
|  30|0x00000000cac00000, 0x00000000cad00000, 0x00000000cad00000|100%| O|  |TAMS 0x00000000cac00000| PB 0x00000000cac00000| Untracked 
|  31|0x00000000cad00000, 0x00000000cae00000, 0x00000000cae00000|100%| O|  |TAMS 0x00000000cad00000| PB 0x00000000cad00000| Untracked 
|  32|0x00000000cae00000, 0x00000000caf00000, 0x00000000caf00000|100%| O|  |TAMS 0x00000000cae00000| PB 0x00000000cae00000| Untracked 
|  33|0x00000000caf00000, 0x00000000cb000000, 0x00000000cb000000|100%| O|  |TAMS 0x00000000caf00000| PB 0x00000000caf00000| Untracked 
|  34|0x00000000cb000000, 0x00000000cb100000, 0x00000000cb100000|100%| O|  |TAMS 0x00000000cb000000| PB 0x00000000cb000000| Untracked 
|  35|0x00000000cb100000, 0x00000000cb200000, 0x00000000cb200000|100%| O|  |TAMS 0x00000000cb100000| PB 0x00000000cb100000| Untracked 
|  36|0x00000000cb200000, 0x00000000cb300000, 0x00000000cb300000|100%| O|  |TAMS 0x00000000cb200000| PB 0x00000000cb200000| Untracked 
|  37|0x00000000cb300000, 0x00000000cb400000, 0x00000000cb400000|100%| O|  |TAMS 0x00000000cb300000| PB 0x00000000cb300000| Untracked 
|  38|0x00000000cb400000, 0x00000000cb500000, 0x00000000cb500000|100%| O|  |TAMS 0x00000000cb400000| PB 0x00000000cb400000| Untracked 
|  39|0x00000000cb500000, 0x00000000cb5ef220, 0x00000000cb600000| 93%| O|  |TAMS 0x00000000cb500000| PB 0x00000000cb500000| Untracked 
|  40|0x00000000cb600000, 0x00000000cb600000, 0x00000000cb700000|  0%| F|  |TAMS 0x00000000cb600000| PB 0x00000000cb600000| Untracked 
|  41|0x00000000cb700000, 0x00000000cb700000, 0x00000000cb800000|  0%| F|  |TAMS 0x00000000cb700000| PB 0x00000000cb700000| Untracked 
|  42|0x00000000cb800000, 0x00000000cb800000, 0x00000000cb900000|  0%| F|  |TAMS 0x00000000cb800000| PB 0x00000000cb800000| Untracked 
|  43|0x00000000cb900000, 0x00000000cb900000, 0x00000000cba00000|  0%| F|  |TAMS 0x00000000cb900000| PB 0x00000000cb900000| Untracked 
|  44|0x00000000cba00000, 0x00000000cba00000, 0x00000000cbb00000|  0%| F|  |TAMS 0x00000000cba00000| PB 0x00000000cba00000| Untracked 
|  45|0x00000000cbb00000, 0x00000000cbb00000, 0x00000000cbc00000|  0%| F|  |TAMS 0x00000000cbb00000| PB 0x00000000cbb00000| Untracked 
|  46|0x00000000cbc00000, 0x00000000cbc00000, 0x00000000cbd00000|  0%| F|  |TAMS 0x00000000cbc00000| PB 0x00000000cbc00000| Untracked 
|  47|0x00000000cbd00000, 0x00000000cbdcdcd0, 0x00000000cbe00000| 80%| S|CS|TAMS 0x00000000cbd00000| PB 0x00000000cbd00000| Complete 
|  48|0x00000000cbe00000, 0x00000000cbe00000, 0x00000000cbf00000|  0%| F|  |TAMS 0x00000000cbe00000| PB 0x00000000cbe00000| Untracked 
|  49|0x00000000cbf00000, 0x00000000cbf00000, 0x00000000cc000000|  0%| F|  |TAMS 0x00000000cbf00000| PB 0x00000000cbf00000| Untracked 
|  50|0x00000000cc000000, 0x00000000cc000000, 0x00000000cc100000|  0%| F|  |TAMS 0x00000000cc000000| PB 0x00000000cc000000| Untracked 
|  51|0x00000000cc100000, 0x00000000cc100000, 0x00000000cc200000|  0%| F|  |TAMS 0x00000000cc100000| PB 0x00000000cc100000| Untracked 
|  52|0x00000000cc200000, 0x00000000cc200000, 0x00000000cc300000|  0%| F|  |TAMS 0x00000000cc200000| PB 0x00000000cc200000| Untracked 
|  53|0x00000000cc300000, 0x00000000cc300000, 0x00000000cc400000|  0%| F|  |TAMS 0x00000000cc300000| PB 0x00000000cc300000| Untracked 
|  54|0x00000000cc400000, 0x00000000cc400000, 0x00000000cc500000|  0%| F|  |TAMS 0x00000000cc400000| PB 0x00000000cc400000| Untracked 
|  55|0x00000000cc500000, 0x00000000cc500000, 0x00000000cc600000|  0%| F|  |TAMS 0x00000000cc500000| PB 0x00000000cc500000| Untracked 
|  56|0x00000000cc600000, 0x00000000cc600000, 0x00000000cc700000|  0%| F|  |TAMS 0x00000000cc600000| PB 0x00000000cc600000| Untracked 
|  57|0x00000000cc700000, 0x00000000cc700000, 0x00000000cc800000|  0%| F|  |TAMS 0x00000000cc700000| PB 0x00000000cc700000| Untracked 
|  58|0x00000000cc800000, 0x00000000cc8cd468, 0x00000000cc900000| 80%| E|  |TAMS 0x00000000cc800000| PB 0x00000000cc800000| Complete 
|  59|0x00000000cc900000, 0x00000000cca00000, 0x00000000cca00000|100%| E|CS|TAMS 0x00000000cc900000| PB 0x00000000cc900000| Complete 
|  60|0x00000000cca00000, 0x00000000ccb00000, 0x00000000ccb00000|100%| E|CS|TAMS 0x00000000cca00000| PB 0x00000000cca00000| Complete 
|  61|0x00000000ccb00000, 0x00000000ccc00000, 0x00000000ccc00000|100%| E|CS|TAMS 0x00000000ccb00000| PB 0x00000000ccb00000| Complete 
|  62|0x00000000ccc00000, 0x00000000ccd00000, 0x00000000ccd00000|100%| E|CS|TAMS 0x00000000ccc00000| PB 0x00000000ccc00000| Complete 
|  63|0x00000000ccd00000, 0x00000000cce00000, 0x00000000cce00000|100%| E|CS|TAMS 0x00000000ccd00000| PB 0x00000000ccd00000| Complete 
|  64|0x00000000cce00000, 0x00000000ccf00000, 0x00000000ccf00000|100%| E|CS|TAMS 0x00000000cce00000| PB 0x00000000cce00000| Complete 
|  65|0x00000000ccf00000, 0x00000000cd000000, 0x00000000cd000000|100%| E|CS|TAMS 0x00000000ccf00000| PB 0x00000000ccf00000| Complete 
|  66|0x00000000cd000000, 0x00000000cd100000, 0x00000000cd100000|100%| E|CS|TAMS 0x00000000cd000000| PB 0x00000000cd000000| Complete 
|  67|0x00000000cd100000, 0x00000000cd200000, 0x00000000cd200000|100%| E|CS|TAMS 0x00000000cd100000| PB 0x00000000cd100000| Complete 
|  68|0x00000000cd200000, 0x00000000cd300000, 0x00000000cd300000|100%| E|CS|TAMS 0x00000000cd200000| PB 0x00000000cd200000| Complete 
| 879|0x00000000ffd00000, 0x00000000ffe00000, 0x00000000ffe00000|100%| E|CS|TAMS 0x00000000ffd00000| PB 0x00000000ffd00000| Complete 
| 880|0x00000000ffe00000, 0x00000000fff00000, 0x00000000fff00000|100%| O|  |TAMS 0x00000000ffe00000| PB 0x00000000ffe00000| Untracked 
| 881|0x00000000fff00000, 0x0000000100000000, 0x0000000100000000|100%| O|  |TAMS 0x00000000fff00000| PB 0x00000000fff00000| Untracked 

Card table byte_map: [0x0000029b61c00000,0x0000029b61dc0000] _byte_map_base: 0x0000029b615b9000

Marking Bits: (CMBitMap*) 0x0000029b4f92b880
 Bits: [0x0000029b61dc0000, 0x0000029b62b88000)

Polling page: 0x0000029b4da90000

Metaspace:

Usage:
  Non-class:     49.73 MB used.
      Class:      6.67 MB used.
       Both:     56.39 MB used.

Virtual space:
  Non-class space:       64.00 MB reserved,      50.06 MB ( 78%) committed,  1 nodes.
      Class space:        1.00 GB reserved,       7.06 MB ( <1%) committed,  1 nodes.
             Both:        1.06 GB reserved,      57.12 MB (  5%) committed. 

Chunk freelists:
   Non-Class:  13.23 MB
       Class:  8.86 MB
        Both:  22.09 MB

MaxMetaspaceSize: unlimited
CompressedClassSpaceSize: 1.00 GB
Initial GC threshold: 21.00 MB
Current GC threshold: 91.69 MB
CDS: off
 - commit_granule_bytes: 65536.
 - commit_granule_words: 8192.
 - virtual_space_node_default_size: 8388608.
 - enlarge_chunks_in_place: 1.
 - use_allocation_guard: 0.


Internal statistics:

num_allocs_failed_limit: 6.
num_arena_births: 1234.
num_arena_deaths: 0.
num_vsnodes_births: 2.
num_vsnodes_deaths: 0.
num_space_committed: 913.
num_space_uncommitted: 0.
num_chunks_returned_to_freelist: 6.
num_chunks_taken_from_freelist: 3158.
num_chunk_merges: 6.
num_chunk_splits: 2379.
num_chunks_enlarged: 1809.
num_inconsistent_stats: 0.

CodeHeap 'non-profiled nmethods': size=120000Kb used=2784Kb max_used=2784Kb free=117215Kb
 bounds [0x0000029b5a510000, 0x0000029b5a7d0000, 0x0000029b61a40000]
CodeHeap 'profiled nmethods': size=120000Kb used=13986Kb max_used=13986Kb free=106013Kb
 bounds [0x0000029b52a40000, 0x0000029b537f0000, 0x0000029b59f70000]
CodeHeap 'non-nmethods': size=5760Kb used=1562Kb max_used=1599Kb free=4197Kb
 bounds [0x0000029b59f70000, 0x0000029b5a1e0000, 0x0000029b5a510000]
 total_blobs=6308 nmethods=5678 adapters=532
 compilation: enabled
              stopped_count=0, restarted_count=0
 full_count=0

Compilation events (20 events):
Event: 16.116 Thread 0x0000029b650ae9f0 6274       3       org.jetbrains.kotlin.resolve.calls.inference.components.NewTypeSubstitutor::substitute (1067 bytes)
Event: 16.125 Thread 0x0000029b650ae9f0 nmethod 6274 0x0000029b537beb10 code [0x0000029b537bf7e0, 0x0000029b537c8268]
Event: 16.125 Thread 0x0000029b650ae9f0 6276       3       org.jetbrains.kotlin.types.checker.ClassicTypeSystemContext$DefaultImpls::captureFromArguments (90 bytes)
Event: 16.127 Thread 0x0000029b650ae9f0 nmethod 6276 0x0000029b537cb110 code [0x0000029b537cb500, 0x0000029b537ccbb0]
Event: 16.127 Thread 0x0000029b650ae9f0 6277       3       org.jetbrains.kotlin.resolve.calls.components.ClassicTypeSystemContextForCS::argumentsCount (6 bytes)
Event: 16.127 Thread 0x0000029b650ae9f0 nmethod 6277 0x0000029b537cd410 code [0x0000029b537cd5c0, 0x0000029b537cd6f8]
Event: 16.127 Thread 0x0000029b650ae9f0 6278       3       org.jetbrains.kotlin.config.LanguageVersionSettingsImpl::getFlag (26 bytes)
Event: 16.127 Thread 0x0000029b650ae9f0 nmethod 6278 0x0000029b537cd790 code [0x0000029b537cd9c0, 0x0000029b537ce088]
Event: 16.128 Thread 0x0000029b650ae9f0 6275       3       org.jetbrains.kotlin.types.checker.ClassicTypeSystemContext$DefaultImpls::asCapturedType (112 bytes)
Event: 16.129 Thread 0x0000029b650ae9f0 nmethod 6275 0x0000029b537ce310 code [0x0000029b537ce6e0, 0x0000029b537cfee0]
Event: 16.129 Thread 0x0000029b650ae9f0 6279       1       org.jetbrains.kotlin.resolve.calls.inference.components.ConstraintInjector::getConstraintIncorporator (5 bytes)
Event: 16.129 Thread 0x0000029b650ae9f0 nmethod 6279 0x0000029b5a66c190 code [0x0000029b5a66c320, 0x0000029b5a66c3e8]
Event: 16.129 Thread 0x0000029b650ae9f0 6280       1       org.jetbrains.kotlin.resolve.calls.inference.components.ConstraintIncorporator::getUtilContext (5 bytes)
Event: 16.129 Thread 0x0000029b650ae9f0 nmethod 6280 0x0000029b5a66be90 code [0x0000029b5a66c020, 0x0000029b5a66c0e8]
Event: 16.132 Thread 0x0000029b650ae9f0 6281       3       org.jetbrains.kotlin.resolve.inline.InlineUtil::isInline (25 bytes)
Event: 16.132 Thread 0x0000029b650ae9f0 nmethod 6281 0x0000029b537d0610 code [0x0000029b537d07e0, 0x0000029b537d0c10]
Event: 16.133 Thread 0x0000029b650ae9f0 6282       3       org.jetbrains.kotlin.psi.KtNameReferenceExpression::<init> (12 bytes)
Event: 16.134 Thread 0x0000029b650ae9f0 nmethod 6282 0x0000029b537d0d10 code [0x0000029b537d0f60, 0x0000029b537d16e0]
Event: 16.134 Thread 0x0000029b650ae9f0 6283       1       org.jetbrains.kotlin.resolve.diagnostics.MutableDiagnosticsWithSuppression::getModificationTracker (5 bytes)
Event: 16.134 Thread 0x0000029b650ae9f0 nmethod 6283 0x0000029b5a66bb90 code [0x0000029b5a66bd20, 0x0000029b5a66bde8]

GC Heap History (20 events):
Event: 8.945 GC heap before
{Heap before GC invocations=15 (full 0):
 garbage-first heap   total 46080K, used 41270K [0x00000000c8e00000, 0x0000000100000000)
  region size 1024K, 17 young (17408K), 2 survivors (2048K)
 Metaspace       used 45109K, committed 45824K, reserved 1114112K
  class space    used 5375K, committed 5696K, reserved 1048576K
}
Event: 8.959 GC heap after
{Heap after GC invocations=16 (full 0):
 garbage-first heap   total 48128K, used 28672K [0x00000000c8e00000, 0x0000000100000000)
  region size 1024K, 3 young (3072K), 3 survivors (3072K)
 Metaspace       used 45109K, committed 45824K, reserved 1114112K
  class space    used 5375K, committed 5696K, reserved 1048576K
}
Event: 9.155 GC heap before
{Heap before GC invocations=16 (full 0):
 garbage-first heap   total 48128K, used 40960K [0x00000000c8e00000, 0x0000000100000000)
  region size 1024K, 15 young (15360K), 3 survivors (3072K)
 Metaspace       used 46245K, committed 46912K, reserved 1114112K
  class space    used 5507K, committed 5824K, reserved 1048576K
}
Event: 9.162 GC heap after
{Heap after GC invocations=17 (full 0):
 garbage-first heap   total 48128K, used 29976K [0x00000000c8e00000, 0x0000000100000000)
  region size 1024K, 1 young (1024K), 1 survivors (1024K)
 Metaspace       used 46245K, committed 46912K, reserved 1114112K
  class space    used 5507K, committed 5824K, reserved 1048576K
}
Event: 9.828 GC heap before
{Heap before GC invocations=18 (full 0):
 garbage-first heap   total 51200K, used 41240K [0x00000000c8e00000, 0x0000000100000000)
  region size 1024K, 12 young (12288K), 1 survivors (1024K)
 Metaspace       used 47328K, committed 48000K, reserved 1114112K
  class space    used 5632K, committed 5952K, reserved 1048576K
}
Event: 9.833 GC heap after
{Heap after GC invocations=19 (full 0):
 garbage-first heap   total 51200K, used 30527K [0x00000000c8e00000, 0x0000000100000000)
  region size 1024K, 2 young (2048K), 2 survivors (2048K)
 Metaspace       used 47328K, committed 48000K, reserved 1114112K
  class space    used 5632K, committed 5952K, reserved 1048576K
}
Event: 10.485 GC heap before
{Heap before GC invocations=19 (full 0):
 garbage-first heap   total 51200K, used 43839K [0x00000000c8e00000, 0x0000000100000000)
  region size 1024K, 15 young (15360K), 2 survivors (2048K)
 Metaspace       used 48741K, committed 49472K, reserved 1114112K
  class space    used 5787K, committed 6144K, reserved 1048576K
}
Event: 10.499 GC heap after
{Heap after GC invocations=20 (full 0):
 garbage-first heap   total 51200K, used 33068K [0x00000000c8e00000, 0x0000000100000000)
  region size 1024K, 2 young (2048K), 2 survivors (2048K)
 Metaspace       used 48741K, committed 49472K, reserved 1114112K
  class space    used 5787K, committed 6144K, reserved 1048576K
}
Event: 12.354 GC heap before
{Heap before GC invocations=20 (full 0):
 garbage-first heap   total 51200K, used 44332K [0x00000000c8e00000, 0x0000000100000000)
  region size 1024K, 13 young (13312K), 2 survivors (2048K)
 Metaspace       used 50076K, committed 50816K, reserved 1114112K
  class space    used 5862K, committed 6208K, reserved 1048576K
}
Event: 12.368 GC heap after
{Heap after GC invocations=21 (full 0):
 garbage-first heap   total 51200K, used 35646K [0x00000000c8e00000, 0x0000000100000000)
  region size 1024K, 2 young (2048K), 2 survivors (2048K)
 Metaspace       used 50076K, committed 50816K, reserved 1114112K
  class space    used 5862K, committed 6208K, reserved 1048576K
}
Event: 13.065 GC heap before
{Heap before GC invocations=22 (full 0):
 garbage-first heap   total 60416K, used 44862K [0x00000000c8e00000, 0x0000000100000000)
  region size 1024K, 11 young (11264K), 2 survivors (2048K)
 Metaspace       used 50504K, committed 51200K, reserved 1114112K
  class space    used 5873K, committed 6208K, reserved 1048576K
}
Event: 13.074 GC heap after
{Heap after GC invocations=23 (full 0):
 garbage-first heap   total 60416K, used 37662K [0x00000000c8e00000, 0x0000000100000000)
  region size 1024K, 2 young (2048K), 2 survivors (2048K)
 Metaspace       used 50504K, committed 51200K, reserved 1114112K
  class space    used 5873K, committed 6208K, reserved 1048576K
}
Event: 13.568 GC heap before
{Heap before GC invocations=23 (full 0):
 garbage-first heap   total 60416K, used 53022K [0x00000000c8e00000, 0x0000000100000000)
  region size 1024K, 17 young (17408K), 2 survivors (2048K)
 Metaspace       used 50629K, committed 51328K, reserved 1114112K
  class space    used 5873K, committed 6208K, reserved 1048576K
}
Event: 13.582 GC heap after
{Heap after GC invocations=24 (full 0):
 garbage-first heap   total 72704K, used 38507K [0x00000000c8e00000, 0x0000000100000000)
  region size 1024K, 3 young (3072K), 3 survivors (3072K)
 Metaspace       used 50629K, committed 51328K, reserved 1114112K
  class space    used 5873K, committed 6208K, reserved 1048576K
}
Event: 14.168 GC heap before
{Heap before GC invocations=24 (full 0):
 garbage-first heap   total 72704K, used 62059K [0x00000000c8e00000, 0x0000000100000000)
  region size 1024K, 26 young (26624K), 3 survivors (3072K)
 Metaspace       used 51222K, committed 51904K, reserved 1114112K
  class space    used 5923K, committed 6272K, reserved 1048576K
}
Event: 14.185 GC heap after
{Heap after GC invocations=25 (full 0):
 garbage-first heap   total 72704K, used 42466K [0x00000000c8e00000, 0x0000000100000000)
  region size 1024K, 4 young (4096K), 4 survivors (4096K)
 Metaspace       used 51222K, committed 51904K, reserved 1114112K
  class space    used 5923K, committed 6272K, reserved 1048576K
}
Event: 14.286 GC heap before
{Heap before GC invocations=25 (full 0):
 garbage-first heap   total 72704K, used 61922K [0x00000000c8e00000, 0x0000000100000000)
  region size 1024K, 23 young (23552K), 4 survivors (4096K)
 Metaspace       used 51227K, committed 51904K, reserved 1114112K
  class space    used 5923K, committed 6272K, reserved 1048576K
}
Event: 14.296 GC heap after
{Heap after GC invocations=26 (full 0):
 garbage-first heap   total 72704K, used 43690K [0x00000000c8e00000, 0x0000000100000000)
  region size 1024K, 1 young (1024K), 1 survivors (1024K)
 Metaspace       used 51227K, committed 51904K, reserved 1114112K
  class space    used 5923K, committed 6272K, reserved 1048576K
}
Event: 15.221 GC heap before
{Heap before GC invocations=26 (full 0):
 garbage-first heap   total 72704K, used 64170K [0x00000000c8e00000, 0x0000000100000000)
  region size 1024K, 21 young (21504K), 1 survivors (1024K)
 Metaspace       used 55421K, committed 56128K, reserved 1114112K
  class space    used 6490K, committed 6848K, reserved 1048576K
}
Event: 15.225 GC heap after
{Heap after GC invocations=27 (full 0):
 garbage-first heap   total 72704K, used 43763K [0x00000000c8e00000, 0x0000000100000000)
  region size 1024K, 1 young (1024K), 1 survivors (1024K)
 Metaspace       used 55421K, committed 56128K, reserved 1114112K
  class space    used 6490K, committed 6848K, reserved 1048576K
}

Dll operation events (3 events):
Event: 0.021 Loaded shared library D:\android studio\file android studio\jbr\bin\java.dll
Event: 0.027 Loaded shared library D:\android studio\file android studio\jbr\bin\zip.dll
Event: 1.859 Loaded shared library D:\android studio\file android studio\jbr\bin\verify.dll

Deoptimization events (20 events):
Event: 15.797 Thread 0x0000029b4f8f96b0 Uncommon trap: trap_request=0xffffffc6 fr.pc=0x0000029b5a769860 relative=0x00000000000005a0
Event: 15.797 Thread 0x0000029b4f8f96b0 Uncommon trap: reason=bimorphic_or_optimized_type_check action=maybe_recompile pc=0x0000029b5a769860 method=kotlin.sequences.FlatteningSequence$iterator$1.ensureItemIterator()Z @ 59 c2
Event: 15.797 Thread 0x0000029b4f8f96b0 DEOPT PACKING pc=0x0000029b5a769860 sp=0x000000aa6dffe750
Event: 15.797 Thread 0x0000029b4f8f96b0 DEOPT UNPACKING pc=0x0000029b59fc46a2 sp=0x000000aa6dffe6b0 mode 2
Event: 15.812 Thread 0x0000029b4f8f96b0 Uncommon trap: trap_request=0xffffffc6 fr.pc=0x0000029b5a77f334 relative=0x0000000000000594
Event: 15.812 Thread 0x0000029b4f8f96b0 Uncommon trap: reason=bimorphic_or_optimized_type_check action=maybe_recompile pc=0x0000029b5a77f334 method=org.jetbrains.kotlin.builtins.KotlinBuiltIns.isUnderKotlinPackage(Lorg/jetbrains/kotlin/descriptors/DeclarationDescriptor;)Z @ 39 c2
Event: 15.812 Thread 0x0000029b4f8f96b0 DEOPT PACKING pc=0x0000029b5a77f334 sp=0x000000aa6dffc810
Event: 15.812 Thread 0x0000029b4f8f96b0 DEOPT UNPACKING pc=0x0000029b59fc46a2 sp=0x000000aa6dffc7c8 mode 2
Event: 15.814 Thread 0x0000029b4f8f96b0 Uncommon trap: trap_request=0xffffffc6 fr.pc=0x0000029b5a72ba5c relative=0x000000000000059c
Event: 15.814 Thread 0x0000029b4f8f96b0 Uncommon trap: reason=bimorphic_or_optimized_type_check action=maybe_recompile pc=0x0000029b5a72ba5c method=kotlin.sequences.FlatteningSequence$iterator$1.ensureItemIterator()Z @ 59 c2
Event: 15.814 Thread 0x0000029b4f8f96b0 DEOPT PACKING pc=0x0000029b5a72ba5c sp=0x000000aa6dffcb30
Event: 15.814 Thread 0x0000029b4f8f96b0 DEOPT UNPACKING pc=0x0000029b59fc46a2 sp=0x000000aa6dffcaf0 mode 2
Event: 15.895 Thread 0x0000029b4f8f96b0 Uncommon trap: trap_request=0xffffff45 fr.pc=0x0000029b5a6e3d14 relative=0x0000000000001b34
Event: 15.895 Thread 0x0000029b4f8f96b0 Uncommon trap: reason=unstable_if action=reinterpret pc=0x0000029b5a6e3d14 method=java.util.HashMap.hash(Ljava/lang/Object;)I @ 1 c2
Event: 15.895 Thread 0x0000029b4f8f96b0 DEOPT PACKING pc=0x0000029b5a6e3d14 sp=0x000000aa6dffcbd0
Event: 15.895 Thread 0x0000029b4f8f96b0 DEOPT UNPACKING pc=0x0000029b59fc46a2 sp=0x000000aa6dffcae0 mode 2
Event: 15.961 Thread 0x0000029b4f8f96b0 Uncommon trap: trap_request=0xffffff45 fr.pc=0x0000029b5a732298 relative=0x0000000000000158
Event: 15.961 Thread 0x0000029b4f8f96b0 Uncommon trap: reason=unstable_if action=reinterpret pc=0x0000029b5a732298 method=org.jetbrains.kotlin.resolve.DescriptorUtils.getFqNameSafeIfPossible(Lorg/jetbrains/kotlin/descriptors/DeclarationDescriptor;)Lorg/jetbrains/kotlin/name/FqName; @ 12 c2
Event: 15.961 Thread 0x0000029b4f8f96b0 DEOPT PACKING pc=0x0000029b5a732298 sp=0x000000aa6dffb720
Event: 15.962 Thread 0x0000029b4f8f96b0 DEOPT UNPACKING pc=0x0000029b59fc46a2 sp=0x000000aa6dffb6c8 mode 2

Classes loaded (20 events):
Event: 15.459 Loading class java/util/stream/Node$OfPrimitive
Event: 15.459 Loading class java/util/stream/Node$OfPrimitive done
Event: 15.459 Loading class java/util/stream/Node$OfInt done
Event: 15.459 Loading class java/util/stream/Nodes$EmptyNode$OfInt done
Event: 15.459 Loading class java/util/stream/Nodes$EmptyNode$OfLong
Event: 15.459 Loading class java/util/stream/Node$OfLong
Event: 15.459 Loading class java/util/stream/Node$OfLong done
Event: 15.459 Loading class java/util/stream/Nodes$EmptyNode$OfLong done
Event: 15.459 Loading class java/util/stream/Nodes$EmptyNode$OfDouble
Event: 15.459 Loading class java/util/stream/Node$OfDouble
Event: 15.460 Loading class java/util/stream/Node$OfDouble done
Event: 15.460 Loading class java/util/stream/Nodes$EmptyNode$OfDouble done
Event: 15.460 Loading class java/util/stream/Nodes$SpinedNodeBuilder
Event: 15.460 Loading class java/util/stream/Node$Builder
Event: 15.460 Loading class java/util/stream/Node$Builder done
Event: 15.460 Loading class java/util/stream/SpinedBuffer
Event: 15.460 Loading class java/util/stream/AbstractSpinedBuffer
Event: 15.461 Loading class java/util/stream/AbstractSpinedBuffer done
Event: 15.461 Loading class java/util/stream/SpinedBuffer done
Event: 15.461 Loading class java/util/stream/Nodes$SpinedNodeBuilder done

Classes unloaded (0 events):
No events

Classes redefined (0 events):
No events

Internal exceptions (20 events):
Event: 6.492 Thread 0x0000029b4f8f96b0 Exception <a 'java/lang/NoSuchMethodError'{0x00000000cbbb7a40}: 'java.lang.Object java.lang.invoke.DirectMethodHandle$Holder.invokeSpecial(java.lang.Object, java.lang.Object, java.lang.Object, java.lang.Object, java.lang.Object, java.lang.Object, java.lang.Object, java.lang.Object, java.lang.Object, java.lang.Object, java.lang.Object, java.lang.Object, java.lang.Object, java.lang.Object)'> (0x00000000cbbb7a40) 
thrown [s\src\hotspot\share\interpreter\linkResolver.cpp, line 784]
Event: 6.492 Thread 0x0000029b4f8f96b0 Exception <a 'java/lang/NoSuchMethodError'{0x00000000cbbbbf90}: 'java.lang.Object java.lang.invoke.DelegatingMethodHandle$Holder.reinvoke_L(java.lang.Object, java.lang.Object, java.lang.Object, java.lang.Object, java.lang.Object, java.lang.Object, java.lang.Object, java.lang.Object, java.lang.Object, java.lang.Object, java.lang.Object, java.lang.Object, java.lang.Object)'> (0x00000000cbbbbf90) 
thrown [s\src\hotspot\share\interpreter\linkResolver.cpp, line 784]
Event: 7.079 Thread 0x0000029b4f8f96b0 Exception <a 'java/lang/NoSuchMethodError'{0x00000000ca531ba0}: 'java.lang.Object java.lang.invoke.DirectMethodHandle$Holder.newInvokeSpecial(java.lang.Object, java.lang.Object, int)'> (0x00000000ca531ba0) 
thrown [s\src\hotspot\share\interpreter\linkResolver.cpp, line 784]
Event: 7.268 Thread 0x0000029b4f8f96b0 Exception <a 'java/lang/NoSuchMethodError'{0x00000000cc5f76b8}: 'java.lang.Object java.lang.invoke.DirectMethodHandle$Holder.newInvokeSpecial(java.lang.Object, java.lang.Object, java.lang.Object, int)'> (0x00000000cc5f76b8) 
thrown [s\src\hotspot\share\interpreter\linkResolver.cpp, line 784]
Event: 7.269 Thread 0x0000029b4f8f96b0 Exception <a 'java/lang/NoSuchMethodError'{0x00000000cc5fb838}: 'java.lang.Object java.lang.invoke.DirectMethodHandle$Holder.invokeSpecial(java.lang.Object, java.lang.Object, java.lang.Object, java.lang.Object, int)'> (0x00000000cc5fb838) 
thrown [s\src\hotspot\share\interpreter\linkResolver.cpp, line 784]
Event: 7.269 Thread 0x0000029b4f8f96b0 Exception <a 'java/lang/NoSuchMethodError'{0x00000000cc5fef80}: 'java.lang.Object java.lang.invoke.Invokers$Holder.linkToTargetMethod(java.lang.Object, java.lang.Object, int, java.lang.Object)'> (0x00000000cc5fef80) 
thrown [s\src\hotspot\share\interpreter\linkResolver.cpp, line 784]
Event: 11.042 Thread 0x0000029b4f8f96b0 Exception <a 'java/lang/NoSuchMethodError'{0x00000000cbc8eb98}: 'java.lang.Object java.lang.invoke.DirectMethodHandle$Holder.invokeSpecial(java.lang.Object, java.lang.Object, java.lang.Object, java.lang.Object, java.lang.Object, java.lang.Object, int)'> (0x00000000cbc8eb98) 
thrown [s\src\hotspot\share\interpreter\linkResolver.cpp, line 784]
Event: 13.394 Thread 0x0000029b4f8f96b0 Implicit null exception at 0x0000029b5a63cb1a to 0x0000029b5a63cd28
Event: 13.394 Thread 0x0000029b4f8f96b0 Implicit null exception at 0x0000029b5a5496bd to 0x0000029b5a549739
Event: 13.612 Thread 0x0000029b4f8f96b0 Exception <a 'java/lang/NoSuchMethodError'{0x00000000ffda7aa0}: 'java.lang.Object java.lang.invoke.DirectMethodHandle$Holder.newInvokeSpecial(java.lang.Object, int, java.lang.Object)'> (0x00000000ffda7aa0) 
thrown [s\src\hotspot\share\interpreter\linkResolver.cpp, line 784]
Event: 13.613 Thread 0x0000029b4f8f96b0 Exception <a 'java/lang/NoSuchMethodError'{0x00000000ffdad860}: 'int java.lang.invoke.DirectMethodHandle$Holder.invokeInterface(java.lang.Object, java.lang.Object)'> (0x00000000ffdad860) 
thrown [s\src\hotspot\share\interpreter\linkResolver.cpp, line 784]
Event: 14.859 Thread 0x0000029b4f8f96b0 Implicit null exception at 0x0000029b5a75ebef to 0x0000029b5a75f0cc
Event: 15.179 Thread 0x0000029b4f8f96b0 Exception <a 'java/lang/NoSuchMethodError'{0x00000000cbe30218}: 'void java.lang.invoke.DirectMethodHandle$Holder.invokeSpecial(java.lang.Object, java.lang.Object, int, java.lang.Object)'> (0x00000000cbe30218) 
thrown [s\src\hotspot\share\interpreter\linkResolver.cpp, line 784]
Event: 15.210 Thread 0x0000029b4f8f96b0 Exception <a 'java/lang/NoSuchMethodError'{0x00000000cbead920}: 'java.lang.Object java.lang.invoke.DirectMethodHandle$Holder.newInvokeSpecial(java.lang.Object, java.lang.Object, java.lang.Object, java.lang.Object, int)'> (0x00000000cbead920) 
thrown [s\src\hotspot\share\interpreter\linkResolver.cpp, line 784]
Event: 15.211 Thread 0x0000029b4f8f96b0 Exception <a 'java/lang/NoSuchMethodError'{0x00000000cbeb2130}: 'java.lang.Object java.lang.invoke.DirectMethodHandle$Holder.invokeSpecial(java.lang.Object, java.lang.Object, java.lang.Object, java.lang.Object, java.lang.Object, int)'> (0x00000000cbeb2130) 
thrown [s\src\hotspot\share\interpreter\linkResolver.cpp, line 784]
Event: 15.212 Thread 0x0000029b4f8f96b0 Exception <a 'java/lang/NoSuchMethodError'{0x00000000cbeb63c0}: 'java.lang.Object java.lang.invoke.Invokers$Holder.linkToTargetMethod(java.lang.Object, java.lang.Object, java.lang.Object, int, java.lang.Object)'> (0x00000000cbeb63c0) 
thrown [s\src\hotspot\share\interpreter\linkResolver.cpp, line 784]
Event: 15.445 Thread 0x0000029b4f8f96b0 Exception <a 'java/lang/NoSuchMethodError'{0x00000000cd252500}: 'void java.lang.invoke.DirectMethodHandle$Holder.invokeInterface(java.lang.Object, java.lang.Object)'> (0x00000000cd252500) 
thrown [s\src\hotspot\share\interpreter\linkResolver.cpp, line 784]
Event: 15.618 Thread 0x0000029b4f8f96b0 Exception <a 'java/lang/IncompatibleClassChangeError'{0x00000000cd1b0dd8}: Found class java.lang.Object, but interface was expected> (0x00000000cd1b0dd8) 
thrown [s\src\hotspot\share\interpreter\linkResolver.cpp, line 851]
Event: 15.632 Thread 0x0000029b4f8f96b0 Implicit null exception at 0x0000029b5a6262e3 to 0x0000029b5a626375
Event: 15.895 Thread 0x0000029b4f8f96b0 Implicit null exception at 0x0000029b5a6e251b to 0x0000029b5a6e3d00

ZGC Phase Switch (0 events):
No events

VM Operations (20 events):
Event: 15.338 Executing VM operation: G1PauseRemark
Event: 15.348 Executing VM operation: G1PauseRemark done
Event: 15.385 Executing VM operation: HandshakeAllThreads (Deoptimize)
Event: 15.385 Executing VM operation: HandshakeAllThreads (Deoptimize) done
Event: 15.393 Executing VM operation: G1PauseCleanup
Event: 15.394 Executing VM operation: G1PauseCleanup done
Event: 15.432 Executing VM operation: HandshakeAllThreads (Deoptimize)
Event: 15.432 Executing VM operation: HandshakeAllThreads (Deoptimize) done
Event: 15.465 Executing VM operation: HandshakeAllThreads (Deoptimize)
Event: 15.466 Executing VM operation: HandshakeAllThreads (Deoptimize) done
Event: 15.538 Executing VM operation: HandshakeAllThreads (Deoptimize)
Event: 15.538 Executing VM operation: HandshakeAllThreads (Deoptimize) done
Event: 15.618 Executing VM operation: HandshakeAllThreads (Deoptimize)
Event: 15.618 Executing VM operation: HandshakeAllThreads (Deoptimize) done
Event: 15.708 Executing VM operation: HandshakeAllThreads (Deoptimize)
Event: 15.708 Executing VM operation: HandshakeAllThreads (Deoptimize) done
Event: 15.736 Executing VM operation: HandshakeAllThreads (Deoptimize)
Event: 15.736 Executing VM operation: HandshakeAllThreads (Deoptimize) done
Event: 15.965 Executing VM operation: ICBufferFull
Event: 15.965 Executing VM operation: ICBufferFull done

Memory protections (0 events):
No events

Nmethod flushes (20 events):
Event: 15.347 Thread 0x0000029b650576c0 flushing  nmethod 0x0000029b52ea4890
Event: 15.347 Thread 0x0000029b650576c0 flushing  nmethod 0x0000029b52ea4c10
Event: 15.347 Thread 0x0000029b650576c0 flushing  nmethod 0x0000029b52ead210
Event: 15.347 Thread 0x0000029b650576c0 flushing  nmethod 0x0000029b52ec2710
Event: 15.347 Thread 0x0000029b650576c0 flushing  nmethod 0x0000029b52ec5590
Event: 15.347 Thread 0x0000029b650576c0 flushing  nmethod 0x0000029b52ec7810
Event: 15.347 Thread 0x0000029b650576c0 flushing  nmethod 0x0000029b52ed4290
Event: 15.347 Thread 0x0000029b650576c0 flushing  nmethod 0x0000029b52ed5190
Event: 15.347 Thread 0x0000029b650576c0 flushing  nmethod 0x0000029b52ed9c10
Event: 15.347 Thread 0x0000029b650576c0 flushing  nmethod 0x0000029b52efba10
Event: 15.347 Thread 0x0000029b650576c0 flushing  nmethod 0x0000029b52f17890
Event: 15.347 Thread 0x0000029b650576c0 flushing  nmethod 0x0000029b52f40010
Event: 15.347 Thread 0x0000029b650576c0 flushing  nmethod 0x0000029b52f40410
Event: 15.347 Thread 0x0000029b650576c0 flushing  nmethod 0x0000029b52f46d10
Event: 15.347 Thread 0x0000029b650576c0 flushing  nmethod 0x0000029b52f59f90
Event: 15.347 Thread 0x0000029b650576c0 flushing  nmethod 0x0000029b52f5b890
Event: 15.347 Thread 0x0000029b650576c0 flushing  nmethod 0x0000029b52f76790
Event: 15.347 Thread 0x0000029b650576c0 flushing  nmethod 0x0000029b530c5710
Event: 15.347 Thread 0x0000029b650576c0 flushing  nmethod 0x0000029b530d4690
Event: 15.347 Thread 0x0000029b650576c0 flushing  nmethod 0x0000029b531a4490

Events (15 events):
Event: 0.025 Thread 0x0000029b4f8f96b0 Thread added: 0x0000029b4f8f96b0
Event: 0.107 Thread 0x0000029b4f8f96b0 Thread added: 0x0000029b652f05a0
Event: 0.108 Thread 0x0000029b4f8f96b0 Thread added: 0x0000029b6509d4a0
Event: 0.109 Thread 0x0000029b4f8f96b0 Thread added: 0x0000029b650a0780
Event: 0.110 Thread 0x0000029b4f8f96b0 Thread added: 0x0000029b650ad1c0
Event: 0.110 Thread 0x0000029b4f8f96b0 Thread added: 0x0000029b650ac9e0
Event: 0.110 Thread 0x0000029b4f8f96b0 Thread added: 0x0000029b650abc80
Event: 0.110 Thread 0x0000029b4f8f96b0 Thread added: 0x0000029b650adf50
Event: 0.111 Thread 0x0000029b4f8f96b0 Thread added: 0x0000029b650ae9f0
Event: 0.192 Thread 0x0000029b4f8f96b0 Thread added: 0x0000029b654881d0
Event: 0.205 Thread 0x0000029b4f8f96b0 Thread added: 0x0000029b6548ac40
Event: 0.219 Loaded shared library D:\android studio\file android studio\jbr\bin\net.dll
Event: 0.223 Loaded shared library D:\android studio\file android studio\jbr\bin\nio.dll
Event: 0.294 Loaded shared library D:\android studio\file android studio\jbr\bin\zip.dll
Event: 0.341 Loaded shared library D:\android studio\file android studio\jbr\bin\jimage.dll


Dynamic libraries:
0x00007ff744fd0000 - 0x00007ff744fda000 	D:\android studio\file android studio\jbr\bin\java.exe
0x00007ffeeae90000 - 0x00007ffeeb0a7000 	C:\WINDOWS\SYSTEM32\ntdll.dll
0x00007ffee97e0000 - 0x00007ffee98a4000 	C:\WINDOWS\System32\KERNEL32.DLL
0x00007ffee7fd0000 - 0x00007ffee83a1000 	C:\WINDOWS\System32\KERNELBASE.dll
0x00007ffee85b0000 - 0x00007ffee86c1000 	C:\WINDOWS\System32\ucrtbase.dll
0x00007ffeca230000 - 0x00007ffeca248000 	D:\android studio\file android studio\jbr\bin\jli.dll
0x00007ffee9510000 - 0x00007ffee96c1000 	C:\WINDOWS\System32\USER32.dll
0x00007ffee84d0000 - 0x00007ffee84f6000 	C:\WINDOWS\System32\win32u.dll
0x00007ffee9050000 - 0x00007ffee9079000 	C:\WINDOWS\System32\GDI32.dll
0x00007ffee83b0000 - 0x00007ffee84cb000 	C:\WINDOWS\System32\gdi32full.dll
0x00007ffed9120000 - 0x00007ffed93b2000 	C:\WINDOWS\WinSxS\amd64_microsoft.windows.common-controls_6595b64144ccf1df_6.0.22621.4830_none_270fe7d773858e80\COMCTL32.dll
0x00007ffee4b10000 - 0x00007ffee4b2b000 	D:\android studio\file android studio\jbr\bin\VCRUNTIME140.dll
0x00007ffee88c0000 - 0x00007ffee895a000 	C:\WINDOWS\System32\msvcp_win.dll
0x00007ffee9460000 - 0x00007ffee9507000 	C:\WINDOWS\System32\msvcrt.dll
0x00007ffee8c80000 - 0x00007ffee8cb1000 	C:\WINDOWS\System32\IMM32.DLL
0x00007ffee4b30000 - 0x00007ffee4b3c000 	D:\android studio\file android studio\jbr\bin\vcruntime140_1.dll
0x00007ffea3450000 - 0x00007ffea34dd000 	D:\android studio\file android studio\jbr\bin\msvcp140.dll
0x00007ffea4740000 - 0x00007ffea53c3000 	D:\android studio\file android studio\jbr\bin\server\jvm.dll
0x00007ffee8bc0000 - 0x00007ffee8c71000 	C:\WINDOWS\System32\ADVAPI32.dll
0x00007ffee98b0000 - 0x00007ffee9957000 	C:\WINDOWS\System32\sechost.dll
0x00007ffee8580000 - 0x00007ffee85a8000 	C:\WINDOWS\System32\bcrypt.dll
0x00007ffee9340000 - 0x00007ffee9454000 	C:\WINDOWS\System32\RPCRT4.dll
0x00007ffeea290000 - 0x00007ffeea301000 	C:\WINDOWS\System32\WS2_32.dll
0x00007ffee7ea0000 - 0x00007ffee7eed000 	C:\WINDOWS\SYSTEM32\POWRPROF.dll
0x00007ffee4440000 - 0x00007ffee4474000 	C:\WINDOWS\SYSTEM32\WINMM.dll
0x00007ffee3cd0000 - 0x00007ffee3cda000 	C:\WINDOWS\SYSTEM32\VERSION.dll
0x00007ffee7e80000 - 0x00007ffee7e93000 	C:\WINDOWS\SYSTEM32\UMPDC.dll
0x00007ffee6ff0000 - 0x00007ffee7008000 	C:\WINDOWS\SYSTEM32\kernel.appcore.dll
0x00007ffee4af0000 - 0x00007ffee4afa000 	D:\android studio\file android studio\jbr\bin\jimage.dll
0x00007ffee2e30000 - 0x00007ffee3062000 	C:\WINDOWS\SYSTEM32\DBGHELP.DLL
0x00007ffee8cc0000 - 0x00007ffee9050000 	C:\WINDOWS\System32\combase.dll
0x00007ffeeac10000 - 0x00007ffeeace7000 	C:\WINDOWS\System32\OLEAUT32.dll
0x00007ffecaf00000 - 0x00007ffecaf32000 	C:\WINDOWS\SYSTEM32\dbgcore.DLL
0x00007ffee8500000 - 0x00007ffee857b000 	C:\WINDOWS\System32\bcryptPrimitives.dll
0x00007ffee4ad0000 - 0x00007ffee4af0000 	D:\android studio\file android studio\jbr\bin\java.dll
0x00007ffeddfc0000 - 0x00007ffeddfd8000 	D:\android studio\file android studio\jbr\bin\zip.dll
0x00007ffee9960000 - 0x00007ffeea1e8000 	C:\WINDOWS\System32\SHELL32.dll
0x00007ffee8960000 - 0x00007ffee8a9f000 	C:\WINDOWS\System32\wintypes.dll
0x00007ffee5ee0000 - 0x00007ffee67ed000 	C:\WINDOWS\SYSTEM32\windows.storage.dll
0x00007ffee96d0000 - 0x00007ffee97da000 	C:\WINDOWS\System32\SHCORE.dll
0x00007ffeead10000 - 0x00007ffeead6e000 	C:\WINDOWS\System32\shlwapi.dll
0x00007ffee7f00000 - 0x00007ffee7f2b000 	C:\WINDOWS\SYSTEM32\profapi.dll
0x00007ffee4ac0000 - 0x00007ffee4ad0000 	D:\android studio\file android studio\jbr\bin\net.dll
0x00007ffee3b30000 - 0x00007ffee3c5c000 	C:\WINDOWS\SYSTEM32\WINHTTP.dll
0x00007ffee7490000 - 0x00007ffee74fa000 	C:\WINDOWS\system32\mswsock.dll
0x00007ffeddfa0000 - 0x00007ffeddfb6000 	D:\android studio\file android studio\jbr\bin\nio.dll
0x00007ffec8e70000 - 0x00007ffec8e80000 	D:\android studio\file android studio\jbr\bin\verify.dll

dbghelp: loaded successfully - version: 4.0.5 - missing functions: none
symbol engine: initialized successfully - sym options: 0x614 - pdb path: .;D:\android studio\file android studio\jbr\bin;C:\WINDOWS\SYSTEM32;C:\WINDOWS\WinSxS\amd64_microsoft.windows.common-controls_6595b64144ccf1df_6.0.22621.4830_none_270fe7d773858e80;D:\android studio\file android studio\jbr\bin\server

VM Arguments:
java_command: org.jetbrains.kotlin.cli.jvm.K2JVMCompiler @D:\android studio\belajar studio\app\build\20250413_14053518109157580262.compiler.options
java_class_path (initial): C:\Users\ANDRE MONIM\.gradle\caches\modules-2\files-2.1\org.jetbrains.kotlin\kotlin-compiler-embeddable\1.9.24\78dab849090e6c5e2eadb6e59a11cdc28fb67a08\kotlin-compiler-embeddable-1.9.24.jar;C:\Users\ANDRE MONIM\.gradle\caches\modules-2\files-2.1\org.jetbrains.kotlin\kotlin-stdlib\1.9.24\9928532f12c66ad816a625b3f9984f8368ca6d2b\kotlin-stdlib-1.9.24.jar;C:\Users\ANDRE MONIM\.gradle\caches\modules-2\files-2.1\org.jetbrains.kotlin\kotlin-script-runtime\1.9.24\96771497da90fbc5af1c90fce148db2595a62502\kotlin-script-runtime-1.9.24.jar;C:\Users\ANDRE MONIM\.gradle\caches\modules-2\files-2.1\org.jetbrains.kotlin\kotlin-reflect\1.6.10\1cbe9c92c12a94eea200d23c2bbaedaf3daf5132\kotlin-reflect-1.6.10.jar;C:\Users\ANDRE MONIM\.gradle\caches\modules-2\files-2.1\org.jetbrains.kotlin\kotlin-daemon-embeddable\1.9.24\86685b9c5e8d170925bd9ddbdc263374a6a73281\kotlin-daemon-embeddable-1.9.24.jar;C:\Users\ANDRE MONIM\.gradle\caches\modules-2\files-2.1\org.jetbrains.intellij.deps\trove4j\1.0.20200330\3afb14d5f9ceb459d724e907a21145e8ff394f02\trove4j-1.0.20200330.jar;C:\Users\ANDRE MONIM\.gradle\caches\modules-2\files-2.1\org.jetbrains\annotations\13.0\919f0dfe192fb4e063e7dacadee7f8bb9a2672a9\annotations-13.0.jar
Launcher Type: SUN_STANDARD

[Global flags]
     intx CICompilerCount                          = 3                                         {product} {ergonomic}
     uint ConcGCThreads                            = 1                                         {product} {ergonomic}
     uint G1ConcRefinementThreads                  = 4                                         {product} {ergonomic}
   size_t G1HeapRegionSize                         = 1048576                                   {product} {ergonomic}
    uintx GCDrainStackTargetSize                   = 64                                        {product} {ergonomic}
   size_t InitialHeapSize                          = 58720256                                  {product} {ergonomic}
   size_t MarkStackSize                            = 4194304                                   {product} {ergonomic}
   size_t MaxHeapSize                              = 924844032                                 {product} {ergonomic}
   size_t MaxNewSize                               = 554696704                                 {product} {ergonomic}
   size_t MinHeapDeltaBytes                        = 1048576                                   {product} {ergonomic}
   size_t MinHeapSize                              = 8388608                                   {product} {ergonomic}
    uintx NonNMethodCodeHeapSize                   = 5832780                                {pd product} {ergonomic}
    uintx NonProfiledCodeHeapSize                  = 122912730                              {pd product} {ergonomic}
    uintx ProfiledCodeHeapSize                     = 122912730                              {pd product} {ergonomic}
    uintx ReservedCodeCacheSize                    = 251658240                              {pd product} {ergonomic}
     bool SegmentedCodeCache                       = true                                      {product} {ergonomic}
   size_t SoftMaxHeapSize                          = 924844032                              {manageable} {ergonomic}
     bool UseCompressedOops                        = true                           {product lp64_product} {ergonomic}
     bool UseG1GC                                  = true                                      {product} {ergonomic}
     bool UseLargePagesIndividualAllocation        = false                                  {pd product} {ergonomic}

Logging:
Log output configuration:
 #0: stdout all=warning uptime,level,tags foldmultilines=false
 #1: stderr all=off uptime,level,tags foldmultilines=false

Environment Variables:
PATH=C:\Program Files (x86)\Common Files\Intel\Shared Files\cpp\bin\Intel64;C:\ProgramData\Oracle\Java\javapath;C:\WINDOWS\system32;C:\WINDOWS;C:\WINDOWS\System32\Wbem;C:\WINDOWS\System32\WindowsPowerShell\v1.0\;C:\WINDOWS\System32\OpenSSH\;C:\FPC\3.2.2\bin\i386-Win32;C:\Program Files\Git\cmd;C:\Users\ANDRE MONIM\AppData\Local\Microsoft\WindowsApps;D:\backup data C\download\New folder\Microsoft VS Code\bin
USERNAME=ANDRE MONIM
OS=Windows_NT
PROCESSOR_IDENTIFIER=AMD64 Family 23 Model 24 Stepping 1, AuthenticAMD
TMP=C:\Users\ANDREM~1\AppData\Local\Temp
TEMP=C:\Users\ANDREM~1\AppData\Local\Temp




Periodic native trim disabled

JNI global refs:
JNI global refs: 8, weak refs: 8

JNI global refs memory usage: 835, weak refs: 833

Process memory usage:
Resident Set Size: 223760K (6% of 3605516K total physical memory with 220516K free physical memory)

OOME stack traces (most recent first):
Classloader memory used:
Loader jdk.internal.loader.ClassLoaders$AppClassLoader                                 : 45328K
Loader bootstrap                                                                       : 12471K

---------------  S Y S T E M  ---------------

OS:
 Windows 11 , 64 bit Build 22621 (10.0.22621.4974)
OS uptime: 0 days 6:51 hours
Hyper-V role detected

CPU: total 4 (initial active 4) (4 cores per cpu, 2 threads per core) family 23 model 24 stepping 1 microcode 0x0, cx8, cmov, fxsr, ht, mmx, 3dnowpref, sse, sse2, sse3, ssse3, sse4a, sse4.1, sse4.2, popcnt, lzcnt, tsc, tscinvbit, avx, avx2, aes, clmul, bmi1, bmi2, adx, sha, fma, vzeroupper, clflush, clflushopt, hv, rdtscp, f16c
Processor Information for all 4 processors :
  Max Mhz: 2600, Current Mhz: 2600, Mhz Limit: 2600

Memory: 4k page, system-wide physical 3521M (213M free)
TotalPageFile size 14273M (AvailPageFile size 5M)
current process WorkingSet (physical memory assigned to process): 218M, peak: 223M
current process commit charge ("private bytes"): 255M, peak: 257M

vm_info: OpenJDK 64-Bit Server VM (21.0.4+-12508038-b607.1) for windows-amd64 JRE (21.0.4+-12508038-b607.1), built on 2024-10-16T17:23:34Z by "builder" with MS VC++ 16.10 / 16.11 (VS2019)

END.
